<?xml version="1.0" encoding="UTF-8"?>
<!-- Generated by org.testng.reporters.JUnitXMLReporter -->
<testsuite ignored="6" hostname="DESKTOP-GOVK9DO" failures="0" tests="4" name="chrometest" time="969.224" errors="0" timestamp="2023-12-26T17:08:23 IST">
  <testcase classname="testCases.TC_001_SFI_All_Mobile" name="TestMobileIndividualControls" time="394.258"/>
  <testcase classname="testCases.TC_001_SFI_All_MobileResponse" name="TestMobileIResponse" time="118.481"/>
  <testcase classname="testCases.TC_002_SFS_All_Mobile" name="testSectionContrls" time="308.857"/>
  <testcase classname="testCases.TC_002_SFS_All_MobileResponse" name="testMobileSectionContrls" time="118.002"/>
  <testcase classname="utilities.ExtentReportManager" name="@BeforeSuite onStart" time="0.0">
    <ignored/>
  </testcase> <!-- @BeforeSuite onStart -->
  <testcase classname="utilities.ExtentReportManager" name="@AfterSuite flush" time="0.0">
    <ignored/>
  </testcase> <!-- @AfterSuite flush -->
  <testcase classname="utilities.ExtentReportManager" name="@BeforeSuite onStart" time="0.0">
    <ignored/>
  </testcase> <!-- @BeforeSuite onStart -->
  <testcase classname="utilities.ExtentReportManager" name="@AfterSuite flush" time="0.0">
    <ignored/>
  </testcase> <!-- @AfterSuite flush -->
  <testcase classname="utilities.ExtentReportManager" name="@AfterSuite flush" time="0.0">
    <ignored/>
  </testcase> <!-- @AfterSuite flush -->
  <testcase classname="utilities.ExtentReportManager" name="@BeforeSuite onStart" time="0.0">
    <ignored/>
  </testcase> <!-- @BeforeSuite onStart -->
</testsuite> <!-- chrometest -->
