<?xml version="1.0" encoding="UTF-8"?>
<!-- Generated by org.testng.reporters.JUnitXMLReporter -->
<testsuite ignored="2" hostname="DESKTOP-H290O4K" failures="1" tests="2" name="chrometest" time="346.866" errors="0" timestamp="2023-11-21T16:57:09 IST">
  <testcase classname="testCases.TC_002_SFS_All_Mobile" name="testSectionContrls" time="307.057"/>
  <testcase classname="testCases.TC_002_SFS_All_MobileResponse" name="testMobileSectionContrls" time="9.518">
    <failure type="java.lang.AssertionError" message="no such window: target window already closed
from unknown error: web view not found
  (Session info: chrome=119.0.6045.160)
Build info: version: &amp;apos;4.15.0&amp;apos;, revision: &amp;apos;1d14b5521b&amp;apos;
System info: os.name: &amp;apos;Windows 10&amp;apos;, os.arch: &amp;apos;amd64&amp;apos;, os.version: &amp;apos;10.0&amp;apos;, java.version: &amp;apos;14&amp;apos;
Driver info: org.openqa.selenium.chrome.ChromeDriver
Command: [a1ca291439e57ceaeb730c0f469fcb18, get {url=https://rthree.live/}]
Capabilities {acceptInsecureCerts: false, browserName: chrome, browserVersion: 119.0.6045.160, chrome: {chromedriverVersion: 119.0.6045.105 (38c72552c5e..., userDataDir: C:\Users\sudha\AppData\Loca...}, fedcm:accounts: true, goog:chromeOptions: {debuggerAddress: localhost:59648}, networkConnectionEnabled: false, pageLoadStrategy: normal, platformName: windows, proxy: Proxy(), se:cdp: ws://localhost:59648/devtoo..., se:cdpVersion: 119.0.6045.160, setWindowRect: true, strictFileInteractability: false, timeouts: {implicit: 0, pageLoad: 300000, script: 30000}, unhandledPromptBehavior: dismiss and notify, webauthn:extension:credBlob: true, webauthn:extension:largeBlob: true, webauthn:extension:minPinLength: true, webauthn:extension:prf: true, webauthn:virtualAuthenticators: true}
Session ID: a1ca291439e57ceaeb730c0f469fcb18">
      <![CDATA[java.lang.AssertionError: no such window: target window already closed
from unknown error: web view not found
  (Session info: chrome=119.0.6045.160)
Build info: version: '4.15.0', revision: '1d14b5521b'
System info: os.name: 'Windows 10', os.arch: 'amd64', os.version: '10.0', java.version: '14'
Driver info: org.openqa.selenium.chrome.ChromeDriver
Command: [a1ca291439e57ceaeb730c0f469fcb18, get {url=https://rthree.live/}]
Capabilities {acceptInsecureCerts: false, browserName: chrome, browserVersion: 119.0.6045.160, chrome: {chromedriverVersion: 119.0.6045.105 (38c72552c5e..., userDataDir: C:\Users\sudha\AppData\Loca...}, fedcm:accounts: true, goog:chromeOptions: {debuggerAddress: localhost:59648}, networkConnectionEnabled: false, pageLoadStrategy: normal, platformName: windows, proxy: Proxy(), se:cdp: ws://localhost:59648/devtoo..., se:cdpVersion: 119.0.6045.160, setWindowRect: true, strictFileInteractability: false, timeouts: {implicit: 0, pageLoad: 300000, script: 30000}, unhandledPromptBehavior: dismiss and notify, webauthn:extension:credBlob: true, webauthn:extension:largeBlob: true, webauthn:extension:minPinLength: true, webauthn:extension:prf: true, webauthn:virtualAuthenticators: true}
Session ID: a1ca291439e57ceaeb730c0f469fcb18
at testCases.TC_002_SFS_All_MobileResponse.testMobileSectionContrls(TC_002_SFS_All_MobileResponse.java:203)
at java.base/java.util.ArrayList.forEach(ArrayList.java:1510)
... Removed 32 stack frames]]>
    </failure>
  </testcase> <!-- testMobileSectionContrls -->
  <testcase classname="utilities.ExtentReportManager" name="@AfterSuite flush" time="0.0">
    <ignored/>
  </testcase> <!-- @AfterSuite flush -->
  <testcase classname="utilities.ExtentReportManager" name="@BeforeSuite onStart" time="0.0">
    <ignored/>
  </testcase> <!-- @BeforeSuite onStart -->
</testsuite> <!-- chrometest -->
