<?xml version="1.0" encoding="UTF-8"?>
<testsuite xmlns:xsi="http://www.w3.org/2001/XMLSchema-instance" xsi:noNamespaceSchemaLocation="https://maven.apache.org/surefire/maven-surefire-plugin/xsd/surefire-test-report-3.0.xsd" version="3.0" name="TestSuite" time="353.301" tests="2" errors="0" skipped="0" failures="1">
  <properties>
[...]
</properties>
  <testcase name="testSectionContrls" classname="testCases.TC_002_SFS_All_Mobile" time="307.059">
    <system-out><![CDATA[Before Service Start
After Service Start
&amp#27;[35m[Appium]&amp#27;[39m &amp#27;[31mCommand 'npm.cmd --version' exited with code 1&amp#27;[39m
Inside BaseTest BeforeClass
Test Execution on Browser: chrome
Total rows: 1
Cols: 50
SelectOneChoice:[[AndroidDriver: Chrome on ANDROID (6532f8a5-dbf9-4907-b4c5-e0647c533559)] -> xpath: //*[@id='rootdiv']/ul]
Element:ul
List Item Size:5
[Strongly DisAgree] is selected
Phone Number: 1234567890
New Month:falsetcols size: 31
This text is trimmed text--NOV
tcols size:31
Is it New Month: false
It's current month
td value is: 1 3
This text is trimmed text--1
tcols size:31
Is it New Month: false
It's current month
td value is: 2 1
eleCurrDate is: [[AndroidDriver: Chrome on ANDROID (6532f8a5-dbf9-4907-b4c5-e0647c533559)] -> xpath: //div[contains(@class,'today')]]Current Day: 21td value is: 1
This text is trimmed text--2
tcols size:31
Is it New Month: false
It's current month
td value is: 3 1
eleCurrDate is: [[AndroidDriver: Chrome on ANDROID (6532f8a5-dbf9-4907-b4c5-e0647c533559)] -> xpath: //div[contains(@class,'today')]]Current Day: 21td value is: 2
This text is trimmed text--3
tcols size:31
Is it New Month: false
It's current month
td value is: 4 1
eleCurrDate is: [[AndroidDriver: Chrome on ANDROID (6532f8a5-dbf9-4907-b4c5-e0647c533559)] -> xpath: //div[contains(@class,'today')]]Current Day: 21td value is: 3
This text is trimmed text--4
tcols size:31
Is it New Month: false
It's current month
td value is: 5 1
eleCurrDate is: [[AndroidDriver: Chrome on ANDROID (6532f8a5-dbf9-4907-b4c5-e0647c533559)] -> xpath: //div[contains(@class,'today')]]Current Day: 21td value is: 4
This text is trimmed text--5
tcols size:31
Is it New Month: false
It's current month
td value is: 6 1
eleCurrDate is: [[AndroidDriver: Chrome on ANDROID (6532f8a5-dbf9-4907-b4c5-e0647c533559)] -> xpath: //div[contains(@class,'today')]]Current Day: 21td value is: 5
This text is trimmed text--6
tcols size:31
Is it New Month: false
It's current month
td value is: 7 1
eleCurrDate is: [[AndroidDriver: Chrome on ANDROID (6532f8a5-dbf9-4907-b4c5-e0647c533559)] -> xpath: //div[contains(@class,'today')]]Current Day: 21td value is: 6
This text is trimmed text--7
tcols size:31
Is it New Month: false
It's current month
td value is: 8 1
eleCurrDate is: [[AndroidDriver: Chrome on ANDROID (6532f8a5-dbf9-4907-b4c5-e0647c533559)] -> xpath: //div[contains(@class,'today')]]Current Day: 21td value is: 7
This text is trimmed text--8
tcols size:31
Is it New Month: false
It's current month
td value is: 9 1
eleCurrDate is: [[AndroidDriver: Chrome on ANDROID (6532f8a5-dbf9-4907-b4c5-e0647c533559)] -> xpath: //div[contains(@class,'today')]]Current Day: 21td value is: 8
This text is trimmed text--9
tcols size:31
Is it New Month: false
It's current month
td value is: 10 1
eleCurrDate is: [[AndroidDriver: Chrome on ANDROID (6532f8a5-dbf9-4907-b4c5-e0647c533559)] -> xpath: //div[contains(@class,'today')]]Current Day: 21td value is: 9
This text is trimmed text--10
tcols size:31
Is it New Month: false
It's current month
td value is: 11 2
eleCurrDate is: [[AndroidDriver: Chrome on ANDROID (6532f8a5-dbf9-4907-b4c5-e0647c533559)] -> xpath: //div[contains(@class,'today')]]Current Day: 21td value is: 10
This text is trimmed text--11
tcols size:31
Is it New Month: false
It's current month
td value is: 12 2
eleCurrDate is: [[AndroidDriver: Chrome on ANDROID (6532f8a5-dbf9-4907-b4c5-e0647c533559)] -> xpath: //div[contains(@class,'today')]]Current Day: 21td value is: 11
This text is trimmed text--12
tcols size:31
Is it New Month: false
It's current month
td value is: 13 2
eleCurrDate is: [[AndroidDriver: Chrome on ANDROID (6532f8a5-dbf9-4907-b4c5-e0647c533559)] -> xpath: //div[contains(@class,'today')]]Current Day: 21td value is: 12
This text is trimmed text--13
tcols size:31
Is it New Month: false
It's current month
td value is: 14 2
eleCurrDate is: [[AndroidDriver: Chrome on ANDROID (6532f8a5-dbf9-4907-b4c5-e0647c533559)] -> xpath: //div[contains(@class,'today')]]Current Day: 21td value is: 13
This text is trimmed text--14
tcols size:31
Is it New Month: false
It's current month
td value is: 15 2
eleCurrDate is: [[AndroidDriver: Chrome on ANDROID (6532f8a5-dbf9-4907-b4c5-e0647c533559)] -> xpath: //div[contains(@class,'today')]]Current Day: 21td value is: 14
This text is trimmed text--15
tcols size:31
Is it New Month: false
It's current month
td value is: 16 2
eleCurrDate is: [[AndroidDriver: Chrome on ANDROID (6532f8a5-dbf9-4907-b4c5-e0647c533559)] -> xpath: //div[contains(@class,'today')]]Current Day: 21td value is: 15
This text is trimmed text--16
tcols size:31
Is it New Month: false
It's current month
td value is: 17 2
eleCurrDate is: [[AndroidDriver: Chrome on ANDROID (6532f8a5-dbf9-4907-b4c5-e0647c533559)] -> xpath: //div[contains(@class,'today')]]Current Day: 21td value is: 16
This text is trimmed text--17
tcols size:31
Is it New Month: false
It's current month
td value is: 18 2
eleCurrDate is: [[AndroidDriver: Chrome on ANDROID (6532f8a5-dbf9-4907-b4c5-e0647c533559)] -> xpath: //div[contains(@class,'today')]]Current Day: 21td value is: 17
This text is trimmed text--18
tcols size:31
Is it New Month: false
It's current month
td value is: 19 2
eleCurrDate is: [[AndroidDriver: Chrome on ANDROID (6532f8a5-dbf9-4907-b4c5-e0647c533559)] -> xpath: //div[contains(@class,'today')]]Current Day: 21td value is: 18
This text is trimmed text--19
tcols size:31
Is it New Month: false
It's current month
td value is: 20 2
eleCurrDate is: [[AndroidDriver: Chrome on ANDROID (6532f8a5-dbf9-4907-b4c5-e0647c533559)] -> xpath: //div[contains(@class,'today')]]Current Day: 21td value is: 19
This text is trimmed text--20
tcols size:31
Is it New Month: false
It's current month
td value is: 21 2
eleCurrDate is: [[AndroidDriver: Chrome on ANDROID (6532f8a5-dbf9-4907-b4c5-e0647c533559)] -> xpath: //div[contains(@class,'today')]]Current Day: 21td value is: 20
This text is trimmed text--21
tcols size:31
Is it New Month: false
It's current month
td value is: 22 2
eleCurrDate is: [[AndroidDriver: Chrome on ANDROID (6532f8a5-dbf9-4907-b4c5-e0647c533559)] -> xpath: //div[contains(@class,'today')]]Current Day: 21td value is: 21
Current Month: Date Enabled: so click it
Current Month: Avl Date Selected:timeslots listed
class: tl-container tl-float
Size:94
Before js click firstitem
class: tl-item tl-float-item myanimation animate__animated animate__backInUp ng-star-inserted
after js click
First slot clicked
Is Date Available in curr Month: true
Outside of appoitment
Appointment Date : 21/11/2023, Time : [ 09:10 AM to 09:14 AM ]
9
Expected values:DisAgree, Agree
Option is: Agree
Option is: DisAgree
Option is: Strongly Agree
Option is: Strongly DisAgree
Option is: Neutral Neither Agree nor DisAgree
Option is: 
Option is: PictureMessage
Option is: 
Option is: SelectPicture
Option is: Agree
Option is: DisAgree
Option is: Strongly Agree
Option is: Strongly DisAgree
Option is: Neutral Neither Agree nor DisAgree
Option is: 
Option is: PictureMessage
Option is: 
Option is: SelectPicture
Rating Labels count: 5
Match item:5
Matched item:Okay
Element:ul
List Item Size:10
[7] is selected
tDateCols  31
Date control selected date class: mat-calendar-body-cell mat-calendar-body-active ng-star-inserted
Date Value Entered:
Date Contorl value: 21/11/2023
21/11/2023
Size before calling: 2
Match item Inside parameter2
Match item:2
Matched item:SelectPicture
Actual agreement text is: I agree to the terms and conditions
String:9
]]></system-out>
    <system-err><![CDATA[SLF4J: No SLF4J providers were found.
SLF4J: Defaulting to no-operation (NOP) logger implementation
SLF4J: See https://www.slf4j.org/codes.html#noProviders for further details.
612513411
Before node Pass
483401028
null
Before node Pass
762863289
Before node Pass
457729001
Before node Pass
256280426
Before node Pass
559887772
Before node Pass
88081295
Before node Pass
735328007
Before node Pass
659669891
Before node Pass
650233731
Before node Pass
297565127
Before node Pass
23457829
Before node Pass
384032016
Before node Pass
117017749
Before node Pass
559846203
Before node Pass
346380556
Before node Pass
225404809
Before node Pass
17934390
Before node Pass
502447159
Before node Pass
76415333
Before node Pass
186883972
Before node Pass
890360174
Before node Pass
249530376
Before node Pass
386168628
Before node Pass
340840467
Before node Pass
779933795
Before node Pass
57049639
Before node Pass
146244729
Before node Pass
596516214
Before node Pass
201654430
Before node Pass
808640100
Before node Pass
490974214
Before node Pass
534719462
Before node Pass
522100043
Before node Pass
195736247
Before node Pass
851357177
null
Before node Pass
570658446
Before node Pass
329589470
Before node Pass
]]></system-err>
  </testcase>
  <testcase name="testMobileSectionContrls" classname="testCases.TC_002_SFS_All_MobileResponse" time="9.531">
    <failure message="no such window: target window already closed&#10;from unknown error: web view not found&#10;  (Session info: chrome=119.0.6045.160)&#10;Build info: version: &apos;4.15.0&apos;, revision: &apos;1d14b5521b&apos;&#10;System info: os.name: &apos;Windows 10&apos;, os.arch: &apos;amd64&apos;, os.version: &apos;10.0&apos;, java.version: &apos;14&apos;&#10;Driver info: org.openqa.selenium.chrome.ChromeDriver&#10;Command: [a1ca291439e57ceaeb730c0f469fcb18, get {url=https://rthree.live/}]&#10;Capabilities {acceptInsecureCerts: false, browserName: chrome, browserVersion: 119.0.6045.160, chrome: {chromedriverVersion: 119.0.6045.105 (38c72552c5e..., userDataDir: C:\Users\sudha\AppData\Loca...}, fedcm:accounts: true, goog:chromeOptions: {debuggerAddress: localhost:59648}, networkConnectionEnabled: false, pageLoadStrategy: normal, platformName: windows, proxy: Proxy(), se:cdp: ws://localhost:59648/devtoo..., se:cdpVersion: 119.0.6045.160, setWindowRect: true, strictFileInteractability: false, timeouts: {implicit: 0, pageLoad: 300000, script: 30000}, unhandledPromptBehavior: dismiss and notify, webauthn:extension:credBlob: true, webauthn:extension:largeBlob: true, webauthn:extension:minPinLength: true, webauthn:extension:prf: true, webauthn:virtualAuthenticators: true}&#10;Session ID: a1ca291439e57ceaeb730c0f469fcb18" type="java.lang.AssertionError"><![CDATA[java.lang.AssertionError: 
no such window: target window already closed
from unknown error: web view not found
  (Session info: chrome=119.0.6045.160)
Build info: version: '4.15.0', revision: '1d14b5521b'
System info: os.name: 'Windows 10', os.arch: 'amd64', os.version: '10.0', java.version: '14'
Driver info: org.openqa.selenium.chrome.ChromeDriver
Command: [a1ca291439e57ceaeb730c0f469fcb18, get {url=https://rthree.live/}]
Capabilities {acceptInsecureCerts: false, browserName: chrome, browserVersion: 119.0.6045.160, chrome: {chromedriverVersion: 119.0.6045.105 (38c72552c5e..., userDataDir: C:\Users\sudha\AppData\Loca...}, fedcm:accounts: true, goog:chromeOptions: {debuggerAddress: localhost:59648}, networkConnectionEnabled: false, pageLoadStrategy: normal, platformName: windows, proxy: Proxy(), se:cdp: ws://localhost:59648/devtoo..., se:cdpVersion: 119.0.6045.160, setWindowRect: true, strictFileInteractability: false, timeouts: {implicit: 0, pageLoad: 300000, script: 30000}, unhandledPromptBehavior: dismiss and notify, webauthn:extension:credBlob: true, webauthn:extension:largeBlob: true, webauthn:extension:minPinLength: true, webauthn:extension:prf: true, webauthn:virtualAuthenticators: true}
Session ID: a1ca291439e57ceaeb730c0f469fcb18
	at org.testng.Assert.fail(Assert.java:111)
	at testCases.TC_002_SFS_All_MobileResponse.testMobileSectionContrls(TC_002_SFS_All_MobileResponse.java:203)
	at java.base/jdk.internal.reflect.NativeMethodAccessorImpl.invoke0(Native Method)
	at java.base/jdk.internal.reflect.NativeMethodAccessorImpl.invoke(NativeMethodAccessorImpl.java:62)
	at java.base/jdk.internal.reflect.DelegatingMethodAccessorImpl.invoke(DelegatingMethodAccessorImpl.java:43)
	at java.base/java.lang.reflect.Method.invoke(Method.java:564)
	at org.testng.internal.invokers.MethodInvocationHelper.invokeMethod(MethodInvocationHelper.java:139)
	at org.testng.internal.invokers.TestInvoker.invokeMethod(TestInvoker.java:664)
	at org.testng.internal.invokers.TestInvoker.invokeTestMethod(TestInvoker.java:227)
	at org.testng.internal.invokers.MethodRunner.runInSequence(MethodRunner.java:50)
	at org.testng.internal.invokers.TestInvoker$MethodInvocationAgent.invoke(TestInvoker.java:957)
	at org.testng.internal.invokers.TestInvoker.invokeTestMethods(TestInvoker.java:200)
	at org.testng.internal.invokers.TestMethodWorker.invokeTestMethods(TestMethodWorker.java:148)
	at org.testng.internal.invokers.TestMethodWorker.run(TestMethodWorker.java:128)
	at java.base/java.util.ArrayList.forEach(ArrayList.java:1510)
	at org.testng.TestRunner.privateRun(TestRunner.java:848)
	at org.testng.TestRunner.run(TestRunner.java:621)
	at org.testng.SuiteRunner.runTest(SuiteRunner.java:443)
	at org.testng.SuiteRunner.runSequentially(SuiteRunner.java:437)
	at org.testng.SuiteRunner.privateRun(SuiteRunner.java:397)
	at org.testng.SuiteRunner.run(SuiteRunner.java:336)
	at org.testng.SuiteRunnerWorker.runSuite(SuiteRunnerWorker.java:52)
	at org.testng.SuiteRunnerWorker.run(SuiteRunnerWorker.java:95)
	at org.testng.TestNG.runSuitesSequentially(TestNG.java:1280)
	at org.testng.TestNG.runSuitesLocally(TestNG.java:1200)
	at org.testng.TestNG.runSuites(TestNG.java:1114)
	at org.testng.TestNG.run(TestNG.java:1082)
	at org.apache.maven.surefire.testng.TestNGExecutor.run(TestNGExecutor.java:308)
	at org.apache.maven.surefire.testng.TestNGXmlTestSuite.execute(TestNGXmlTestSuite.java:71)
	at org.apache.maven.surefire.testng.TestNGProvider.invoke(TestNGProvider.java:113)
	at org.apache.maven.surefire.booter.ForkedBooter.runSuitesInProcess(ForkedBooter.java:385)
	at org.apache.maven.surefire.booter.ForkedBooter.execute(ForkedBooter.java:162)
	at org.apache.maven.surefire.booter.ForkedBooter.run(ForkedBooter.java:507)
	at org.apache.maven.surefire.booter.ForkedBooter.main(ForkedBooter.java:495)
]]></failure>
    <system-out><![CDATA[Chrome driver after instanttiated
Test Execution on Browser: chrome
Total rows: 1
Cols: 50
null
]]></system-out>
  </testcase>
</testsuite>