<?xml version="1.0" encoding="UTF-8"?>
<testng-results ignored="0" total="2" passed="1" failed="1" skipped="0">
  <reporter-output>
  </reporter-output>
  <suite started-at="2023-11-21T16:51:22 IST" name="Suite" finished-at="2023-11-21T16:57:09 IST" duration-ms="346866">
    <groups>
    </groups>
    <test started-at="2023-11-21T16:51:22 IST" name="chrometest" finished-at="2023-11-21T16:57:09 IST" duration-ms="346866">
      <class name="testCases.TC_002_SFS_All_MobileResponse">
        <test-method is-config="true" signature="testName()[pri:0, instance:testCases.TC_002_SFS_All_MobileResponse@7103cb56]" started-at="2023-11-21T16:51:22 IST" name="testName" finished-at="2023-11-21T16:51:22 IST" duration-ms="1" status="PASS">
          <reporter-output>
          </reporter-output>
        </test-method> <!-- testName -->
        <test-method is-config="true" signature="setup(java.lang.String)[pri:0, instance:testCases.TC_002_SFS_All_MobileResponse@7103cb56]" started-at="2023-11-21T16:56:54 IST" name="setup" finished-at="2023-11-21T16:56:59 IST" duration-ms="4848" status="PASS">
          <params>
            <param index="0">
              <value>
                <![CDATA[chrome]]>
              </value>
            </param>
          </params>
          <reporter-output>
          </reporter-output>
        </test-method> <!-- setup -->
        <test-method signature="testMobileSectionContrls()[pri:0, instance:testCases.TC_002_SFS_All_MobileResponse@7103cb56]" started-at="2023-11-21T16:56:59 IST" name="testMobileSectionContrls" finished-at="2023-11-21T16:57:09 IST" duration-ms="9518" status="FAIL">
          <exception class="java.lang.AssertionError">
            <message>
              <![CDATA[no such window: target window already closed
from unknown error: web view not found
  (Session info: chrome=119.0.6045.160)
Build info: version: '4.15.0', revision: '1d14b5521b'
System info: os.name: 'Windows 10', os.arch: 'amd64', os.version: '10.0', java.version: '14'
Driver info: org.openqa.selenium.chrome.ChromeDriver
Command: [a1ca291439e57ceaeb730c0f469fcb18, get {url=https://rthree.live/}]
Capabilities {acceptInsecureCerts: false, browserName: chrome, browserVersion: 119.0.6045.160, chrome: {chromedriverVersion: 119.0.6045.105 (38c72552c5e..., userDataDir: C:\Users\sudha\AppData\Loca...}, fedcm:accounts: true, goog:chromeOptions: {debuggerAddress: localhost:59648}, networkConnectionEnabled: false, pageLoadStrategy: normal, platformName: windows, proxy: Proxy(), se:cdp: ws://localhost:59648/devtoo..., se:cdpVersion: 119.0.6045.160, setWindowRect: true, strictFileInteractability: false, timeouts: {implicit: 0, pageLoad: 300000, script: 30000}, unhandledPromptBehavior: dismiss and notify, webauthn:extension:credBlob: true, webauthn:extension:largeBlob: true, webauthn:extension:minPinLength: true, webauthn:extension:prf: true, webauthn:virtualAuthenticators: true}
Session ID: a1ca291439e57ceaeb730c0f469fcb18]]>
            </message>
            <full-stacktrace>
              <![CDATA[java.lang.AssertionError: no such window: target window already closed
from unknown error: web view not found
  (Session info: chrome=119.0.6045.160)
Build info: version: '4.15.0', revision: '1d14b5521b'
System info: os.name: 'Windows 10', os.arch: 'amd64', os.version: '10.0', java.version: '14'
Driver info: org.openqa.selenium.chrome.ChromeDriver
Command: [a1ca291439e57ceaeb730c0f469fcb18, get {url=https://rthree.live/}]
Capabilities {acceptInsecureCerts: false, browserName: chrome, browserVersion: 119.0.6045.160, chrome: {chromedriverVersion: 119.0.6045.105 (38c72552c5e..., userDataDir: C:\Users\sudha\AppData\Loca...}, fedcm:accounts: true, goog:chromeOptions: {debuggerAddress: localhost:59648}, networkConnectionEnabled: false, pageLoadStrategy: normal, platformName: windows, proxy: Proxy(), se:cdp: ws://localhost:59648/devtoo..., se:cdpVersion: 119.0.6045.160, setWindowRect: true, strictFileInteractability: false, timeouts: {implicit: 0, pageLoad: 300000, script: 30000}, unhandledPromptBehavior: dismiss and notify, webauthn:extension:credBlob: true, webauthn:extension:largeBlob: true, webauthn:extension:minPinLength: true, webauthn:extension:prf: true, webauthn:virtualAuthenticators: true}
Session ID: a1ca291439e57ceaeb730c0f469fcb18
at org.testng.Assert.fail(Assert.java:111)
at testCases.TC_002_SFS_All_MobileResponse.testMobileSectionContrls(TC_002_SFS_All_MobileResponse.java:203)
at java.base/jdk.internal.reflect.NativeMethodAccessorImpl.invoke0(Native Method)
at java.base/jdk.internal.reflect.NativeMethodAccessorImpl.invoke(NativeMethodAccessorImpl.java:62)
at java.base/jdk.internal.reflect.DelegatingMethodAccessorImpl.invoke(DelegatingMethodAccessorImpl.java:43)
at java.base/java.lang.reflect.Method.invoke(Method.java:564)
at org.testng.internal.invokers.MethodInvocationHelper.invokeMethod(MethodInvocationHelper.java:139)
at org.testng.internal.invokers.TestInvoker.invokeMethod(TestInvoker.java:664)
at org.testng.internal.invokers.TestInvoker.invokeTestMethod(TestInvoker.java:227)
at org.testng.internal.invokers.MethodRunner.runInSequence(MethodRunner.java:50)
at org.testng.internal.invokers.TestInvoker$MethodInvocationAgent.invoke(TestInvoker.java:957)
at org.testng.internal.invokers.TestInvoker.invokeTestMethods(TestInvoker.java:200)
at org.testng.internal.invokers.TestMethodWorker.invokeTestMethods(TestMethodWorker.java:148)
at org.testng.internal.invokers.TestMethodWorker.run(TestMethodWorker.java:128)
at java.base/java.util.ArrayList.forEach(ArrayList.java:1510)
at org.testng.TestRunner.privateRun(TestRunner.java:848)
at org.testng.TestRunner.run(TestRunner.java:621)
at org.testng.SuiteRunner.runTest(SuiteRunner.java:443)
at org.testng.SuiteRunner.runSequentially(SuiteRunner.java:437)
at org.testng.SuiteRunner.privateRun(SuiteRunner.java:397)
at org.testng.SuiteRunner.run(SuiteRunner.java:336)
at org.testng.SuiteRunnerWorker.runSuite(SuiteRunnerWorker.java:52)
at org.testng.SuiteRunnerWorker.run(SuiteRunnerWorker.java:95)
at org.testng.TestNG.runSuitesSequentially(TestNG.java:1280)
at org.testng.TestNG.runSuitesLocally(TestNG.java:1200)
at org.testng.TestNG.runSuites(TestNG.java:1114)
at org.testng.TestNG.run(TestNG.java:1082)
at org.apache.maven.surefire.testng.TestNGExecutor.run(TestNGExecutor.java:308)
at org.apache.maven.surefire.testng.TestNGXmlTestSuite.execute(TestNGXmlTestSuite.java:71)
at org.apache.maven.surefire.testng.TestNGProvider.invoke(TestNGProvider.java:113)
at org.apache.maven.surefire.booter.ForkedBooter.runSuitesInProcess(ForkedBooter.java:385)
at org.apache.maven.surefire.booter.ForkedBooter.execute(ForkedBooter.java:162)
at org.apache.maven.surefire.booter.ForkedBooter.run(ForkedBooter.java:507)
at org.apache.maven.surefire.booter.ForkedBooter.main(ForkedBooter.java:495)
]]>
            </full-stacktrace>
          </exception> <!-- java.lang.AssertionError -->
          <reporter-output>
          </reporter-output>
        </test-method> <!-- testMobileSectionContrls -->
      </class> <!-- testCases.TC_002_SFS_All_MobileResponse -->
      <class name="testCases.TC_002_SFS_All_Mobile">
        <test-method is-config="true" signature="onStart(org.testng.ITestContext)[pri:0, instance:testCases.TC_002_SFS_All_Mobile@7ca33c24]" started-at="2023-11-21T16:51:21 IST" name="onStart" finished-at="2023-11-21T16:51:22 IST" duration-ms="583" status="PASS">
          <params>
            <param index="0">
              <value>
                <![CDATA[org.testng.TestRunner@76ed7573]]>
              </value>
            </param>
          </params>
          <reporter-output>
          </reporter-output>
        </test-method> <!-- onStart -->
        <test-method is-config="true" signature="testName()[pri:0, instance:testCases.TC_002_SFS_All_Mobile@7ca33c24]" started-at="2023-11-21T16:51:22 IST" name="testName" finished-at="2023-11-21T16:51:22 IST" duration-ms="29" status="PASS">
          <reporter-output>
          </reporter-output>
        </test-method> <!-- testName -->
        <test-method is-config="true" signature="configureAppium()[pri:0, instance:testCases.TC_002_SFS_All_Mobile@7ca33c24]" started-at="2023-11-21T16:51:22 IST" name="configureAppium" finished-at="2023-11-21T16:51:47 IST" duration-ms="25328" status="PASS">
          <reporter-output>
          </reporter-output>
        </test-method> <!-- configureAppium -->
        <test-method signature="testSectionContrls()[pri:0, instance:testCases.TC_002_SFS_All_Mobile@7ca33c24]" started-at="2023-11-21T16:51:47 IST" name="testSectionContrls" finished-at="2023-11-21T16:56:54 IST" duration-ms="307057" status="PASS">
          <reporter-output>
          </reporter-output>
        </test-method> <!-- testSectionContrls -->
        <test-method is-config="true" signature="flush()[pri:0, instance:testCases.TC_002_SFS_All_Mobile@7ca33c24]" started-at="2023-11-21T16:57:09 IST" name="flush" finished-at="2023-11-21T16:57:11 IST" duration-ms="2469" status="PASS">
          <reporter-output>
          </reporter-output>
        </test-method> <!-- flush -->
      </class> <!-- testCases.TC_002_SFS_All_Mobile -->
    </test> <!-- chrometest -->
  </suite> <!-- Suite -->
</testng-results>
