<?xml version="1.0" encoding="UTF-8"?>
<testsuite xmlns:xsi="http://www.w3.org/2001/XMLSchema-instance" xsi:noNamespaceSchemaLocation="https://maven.apache.org/surefire/maven-surefire-plugin/xsd/surefire-test-report-3.0.xsd" version="3.0" name="TestSuite" time="964.877" tests="4" errors="0" skipped="0" failures="3">
  <properties>
    <property name="surefire.suiteXmlFiles" value="MBandWeb.xml"/>
    <property name="java.specification.version" value="14"/>
    <property name="sun.cpu.isalist" value="amd64"/>
    <property name="sun.jnu.encoding" value="Cp1252"/>
    <property name="java.class.path" value="D:\Automation\SF_MB\target\test-classes;D:\Automation\SF_MB\target\classes;C:\Users\sudha\.m2\repository\io\appium\java-client\9.0.0\java-client-9.0.0.jar;C:\Users\sudha\.m2\repository\org\seleniumhq\selenium\selenium-api\4.15.0\selenium-api-4.15.0.jar;C:\Users\sudha\.m2\repository\org\seleniumhq\selenium\selenium-remote-driver\4.15.0\selenium-remote-driver-4.15.0.jar;C:\Users\sudha\.m2\repository\io\opentelemetry\opentelemetry-api\1.28.0\opentelemetry-api-1.28.0.jar;C:\Users\sudha\.m2\repository\io\opentelemetry\opentelemetry-context\1.28.0\opentelemetry-context-1.28.0.jar;C:\Users\sudha\.m2\repository\io\opentelemetry\opentelemetry-exporter-logging\1.28.0\opentelemetry-exporter-logging-1.28.0.jar;C:\Users\sudha\.m2\repository\io\opentelemetry\opentelemetry-sdk-metrics\1.28.0\opentelemetry-sdk-metrics-1.28.0.jar;C:\Users\sudha\.m2\repository\io\opentelemetry\opentelemetry-extension-incubator\1.28.0-alpha\opentelemetry-extension-incubator-1.28.0-alpha.jar;C:\Users\sudha\.m2\repository\io\opentelemetry\opentelemetry-sdk-logs\1.28.0\opentelemetry-sdk-logs-1.28.0.jar;C:\Users\sudha\.m2\repository\io\opentelemetry\opentelemetry-sdk-common\1.28.0\opentelemetry-sdk-common-1.28.0.jar;C:\Users\sudha\.m2\repository\io\opentelemetry\opentelemetry-sdk-extension-autoconfigure-spi\1.28.0\opentelemetry-sdk-extension-autoconfigure-spi-1.28.0.jar;C:\Users\sudha\.m2\repository\io\opentelemetry\opentelemetry-sdk-extension-autoconfigure\1.28.0\opentelemetry-sdk-extension-autoconfigure-1.28.0.jar;C:\Users\sudha\.m2\repository\io\opentelemetry\opentelemetry-api-events\1.28.0-alpha\opentelemetry-api-events-1.28.0-alpha.jar;C:\Users\sudha\.m2\repository\io\opentelemetry\opentelemetry-sdk-trace\1.28.0\opentelemetry-sdk-trace-1.28.0.jar;C:\Users\sudha\.m2\repository\io\opentelemetry\opentelemetry-sdk\1.28.0\opentelemetry-sdk-1.28.0.jar;C:\Users\sudha\.m2\repository\io\opentelemetry\opentelemetry-semconv\1.28.0-alpha\opentelemetry-semconv-1.28.0-alpha.jar;C:\Users\sudha\.m2\repository\net\bytebuddy\byte-buddy\1.14.5\byte-buddy-1.14.5.jar;C:\Users\sudha\.m2\repository\org\seleniumhq\selenium\selenium-http\4.15.0\selenium-http-4.15.0.jar;C:\Users\sudha\.m2\repository\dev\failsafe\failsafe\3.3.2\failsafe-3.3.2.jar;C:\Users\sudha\.m2\repository\org\seleniumhq\selenium\selenium-os\4.15.0\selenium-os-4.15.0.jar;C:\Users\sudha\.m2\repository\org\apache\commons\commons-exec\1.3\commons-exec-1.3.jar;C:\Users\sudha\.m2\repository\org\seleniumhq\selenium\selenium-support\4.15.0\selenium-support-4.15.0.jar;C:\Users\sudha\.m2\repository\com\google\code\gson\gson\2.10.1\gson-2.10.1.jar;C:\Users\sudha\.m2\repository\org\slf4j\slf4j-api\2.0.9\slf4j-api-2.0.9.jar;C:\Users\sudha\.m2\repository\org\testng\testng\7.8.0\testng-7.8.0.jar;C:\Users\sudha\.m2\repository\com\beust\jcommander\1.82\jcommander-1.82.jar;C:\Users\sudha\.m2\repository\org\webjars\jquery\3.6.1\jquery-3.6.1.jar;C:\Users\sudha\.m2\repository\io\cucumber\cucumber-java\7.14.0\cucumber-java-7.14.0.jar;C:\Users\sudha\.m2\repository\org\apiguardian\apiguardian-api\1.1.2\apiguardian-api-1.1.2.jar;C:\Users\sudha\.m2\repository\io\cucumber\cucumber-core\7.14.0\cucumber-core-7.14.0.jar;C:\Users\sudha\.m2\repository\io\cucumber\cucumber-gherkin\7.14.0\cucumber-gherkin-7.14.0.jar;C:\Users\sudha\.m2\repository\io\cucumber\cucumber-gherkin-messages\7.14.0\cucumber-gherkin-messages-7.14.0.jar;C:\Users\sudha\.m2\repository\io\cucumber\gherkin\26.2.0\gherkin-26.2.0.jar;C:\Users\sudha\.m2\repository\io\cucumber\messages\22.0.0\messages-22.0.0.jar;C:\Users\sudha\.m2\repository\io\cucumber\tag-expressions\5.0.6\tag-expressions-5.0.6.jar;C:\Users\sudha\.m2\repository\io\cucumber\cucumber-expressions\16.1.2\cucumber-expressions-16.1.2.jar;C:\Users\sudha\.m2\repository\io\cucumber\datatable\7.14.0\datatable-7.14.0.jar;C:\Users\sudha\.m2\repository\io\cucumber\cucumber-plugin\7.14.0\cucumber-plugin-7.14.0.jar;C:\Users\sudha\.m2\repository\io\cucumber\docstring\7.14.0\docstring-7.14.0.jar;C:\Users\sudha\.m2\repository\io\cucumber\html-formatter\20.4.0\html-formatter-20.4.0.jar;C:\Users\sudha\.m2\repository\io\cucumber\junit-xml-formatter\0.2.0\junit-xml-formatter-0.2.0.jar;C:\Users\sudha\.m2\repository\io\cucumber\ci-environment\9.2.0\ci-environment-9.2.0.jar;C:\Users\sudha\.m2\repository\io\cucumber\cucumber-junit\7.14.0\cucumber-junit-7.14.0.jar;C:\Users\sudha\.m2\repository\junit\junit\4.13.2\junit-4.13.2.jar;C:\Users\sudha\.m2\repository\org\hamcrest\hamcrest-core\1.3\hamcrest-core-1.3.jar;C:\Users\sudha\.m2\repository\org\seleniumhq\selenium\selenium-java\4.14.1\selenium-java-4.14.1.jar;C:\Users\sudha\.m2\repository\org\seleniumhq\selenium\selenium-devtools-v116\4.14.1\selenium-devtools-v116-4.14.1.jar;C:\Users\sudha\.m2\repository\org\seleniumhq\selenium\selenium-devtools-v117\4.14.1\selenium-devtools-v117-4.14.1.jar;C:\Users\sudha\.m2\repository\org\seleniumhq\selenium\selenium-devtools-v118\4.14.1\selenium-devtools-v118-4.14.1.jar;C:\Users\sudha\.m2\repository\org\seleniumhq\selenium\selenium-devtools-v85\4.14.1\selenium-devtools-v85-4.14.1.jar;C:\Users\sudha\.m2\repository\org\seleniumhq\selenium\selenium-firefox-driver\4.14.1\selenium-firefox-driver-4.14.1.jar;C:\Users\sudha\.m2\repository\org\seleniumhq\selenium\selenium-ie-driver\4.14.1\selenium-ie-driver-4.14.1.jar;C:\Users\sudha\.m2\repository\org\seleniumhq\selenium\selenium-safari-driver\4.14.1\selenium-safari-driver-4.14.1.jar;C:\Users\sudha\.m2\repository\org\seleniumhq\selenium\selenium-chrome-driver\4.13.0\selenium-chrome-driver-4.13.0.jar;C:\Users\sudha\.m2\repository\com\google\auto\service\auto-service-annotations\1.1.1\auto-service-annotations-1.1.1.jar;C:\Users\sudha\.m2\repository\com\google\guava\guava\32.1.2-jre\guava-32.1.2-jre.jar;C:\Users\sudha\.m2\repository\com\google\guava\failureaccess\1.0.1\failureaccess-1.0.1.jar;C:\Users\sudha\.m2\repository\com\google\guava\listenablefuture\9999.0-empty-to-avoid-conflict-with-guava\listenablefuture-9999.0-empty-to-avoid-conflict-with-guava.jar;C:\Users\sudha\.m2\repository\com\google\code\findbugs\jsr305\3.0.2\jsr305-3.0.2.jar;C:\Users\sudha\.m2\repository\org\checkerframework\checker-qual\3.33.0\checker-qual-3.33.0.jar;C:\Users\sudha\.m2\repository\com\google\errorprone\error_prone_annotations\2.18.0\error_prone_annotations-2.18.0.jar;C:\Users\sudha\.m2\repository\com\google\j2objc\j2objc-annotations\2.8\j2objc-annotations-2.8.jar;C:\Users\sudha\.m2\repository\org\seleniumhq\selenium\selenium-chromium-driver\4.13.0\selenium-chromium-driver-4.13.0.jar;C:\Users\sudha\.m2\repository\org\seleniumhq\selenium\selenium-json\4.13.0\selenium-json-4.13.0.jar;C:\Users\sudha\.m2\repository\org\seleniumhq\selenium\selenium-manager\4.13.0\selenium-manager-4.13.0.jar;C:\Users\sudha\.m2\repository\org\seleniumhq\selenium\selenium-edge-driver\4.13.0\selenium-edge-driver-4.13.0.jar;C:\Users\sudha\.m2\repository\org\apache\poi\poi\5.2.3\poi-5.2.3.jar;C:\Users\sudha\.m2\repository\commons-codec\commons-codec\1.15\commons-codec-1.15.jar;C:\Users\sudha\.m2\repository\org\apache\commons\commons-collections4\4.4\commons-collections4-4.4.jar;C:\Users\sudha\.m2\repository\org\apache\commons\commons-math3\3.6.1\commons-math3-3.6.1.jar;C:\Users\sudha\.m2\repository\com\zaxxer\SparseBitSet\1.2\SparseBitSet-1.2.jar;C:\Users\sudha\.m2\repository\org\apache\poi\poi-ooxml\5.2.3\poi-ooxml-5.2.3.jar;C:\Users\sudha\.m2\repository\org\apache\poi\poi-ooxml-lite\5.2.3\poi-ooxml-lite-5.2.3.jar;C:\Users\sudha\.m2\repository\org\apache\xmlbeans\xmlbeans\5.1.1\xmlbeans-5.1.1.jar;C:\Users\sudha\.m2\repository\org\apache\commons\commons-compress\1.21\commons-compress-1.21.jar;C:\Users\sudha\.m2\repository\com\github\virtuald\curvesapi\1.07\curvesapi-1.07.jar;C:\Users\sudha\.m2\repository\org\apache\logging\log4j\log4j-core\2.20.0\log4j-core-2.20.0.jar;C:\Users\sudha\.m2\repository\org\apache\logging\log4j\log4j-api\2.20.0\log4j-api-2.20.0.jar;C:\Users\sudha\.m2\repository\commons-io\commons-io\2.13.0\commons-io-2.13.0.jar;C:\Users\sudha\.m2\repository\org\apache\commons\commons-lang3\3.13.0\commons-lang3-3.13.0.jar;C:\Users\sudha\.m2\repository\com\aventstack\extentreports\5.0.9\extentreports-5.0.9.jar;C:\Users\sudha\.m2\repository\io\reactivex\rxjava3\rxjava\3.0.4\rxjava-3.0.4.jar;C:\Users\sudha\.m2\repository\org\reactivestreams\reactive-streams\1.0.3\reactive-streams-1.0.3.jar;C:\Users\sudha\.m2\repository\org\freemarker\freemarker\2.3.30\freemarker-2.3.30.jar;C:\Users\sudha\.m2\repository\org\projectlombok\lombok\1.18.12\lombok-1.18.12.jar;"/>
    <property name="java.vm.vendor" value="Oracle Corporation"/>
    <property name="sun.arch.data.model" value="64"/>
    <property name="user.variant" value=""/>
    <property name="log4j2.configurationFile" value="log4j2.xml"/>
    <property name="java.vendor.url" value="https://java.oracle.com/"/>
    <property name="user.timezone" value="Asia/Calcutta"/>
    <property name="os.name" value="Windows 10"/>
    <property name="java.vm.specification.version" value="14"/>
    <property name="sun.java.launcher" value="SUN_STANDARD"/>
    <property name="user.country" value="IN"/>
    <property name="sun.boot.library.path" value="C:\Program Files\Java\jdk-14\bin"/>
    <property name="sun.java.command" value="C:\Users\sudha\AppData\Local\Temp\surefire17754178381624343832\surefirebooter-20231120005118745_3.jar C:\Users\sudha\AppData\Local\Temp\surefire17754178381624343832 2023-11-20T00-51-18_461-jvmRun1 surefire-20231120005118745_1tmp surefire_0-20231120005118745_2tmp"/>
    <property name="jdk.debug" value="release"/>
    <property name="surefire.test.class.path" value="D:\Automation\SF_MB\target\test-classes;D:\Automation\SF_MB\target\classes;C:\Users\sudha\.m2\repository\io\appium\java-client\9.0.0\java-client-9.0.0.jar;C:\Users\sudha\.m2\repository\org\seleniumhq\selenium\selenium-api\4.15.0\selenium-api-4.15.0.jar;C:\Users\sudha\.m2\repository\org\seleniumhq\selenium\selenium-remote-driver\4.15.0\selenium-remote-driver-4.15.0.jar;C:\Users\sudha\.m2\repository\io\opentelemetry\opentelemetry-api\1.28.0\opentelemetry-api-1.28.0.jar;C:\Users\sudha\.m2\repository\io\opentelemetry\opentelemetry-context\1.28.0\opentelemetry-context-1.28.0.jar;C:\Users\sudha\.m2\repository\io\opentelemetry\opentelemetry-exporter-logging\1.28.0\opentelemetry-exporter-logging-1.28.0.jar;C:\Users\sudha\.m2\repository\io\opentelemetry\opentelemetry-sdk-metrics\1.28.0\opentelemetry-sdk-metrics-1.28.0.jar;C:\Users\sudha\.m2\repository\io\opentelemetry\opentelemetry-extension-incubator\1.28.0-alpha\opentelemetry-extension-incubator-1.28.0-alpha.jar;C:\Users\sudha\.m2\repository\io\opentelemetry\opentelemetry-sdk-logs\1.28.0\opentelemetry-sdk-logs-1.28.0.jar;C:\Users\sudha\.m2\repository\io\opentelemetry\opentelemetry-sdk-common\1.28.0\opentelemetry-sdk-common-1.28.0.jar;C:\Users\sudha\.m2\repository\io\opentelemetry\opentelemetry-sdk-extension-autoconfigure-spi\1.28.0\opentelemetry-sdk-extension-autoconfigure-spi-1.28.0.jar;C:\Users\sudha\.m2\repository\io\opentelemetry\opentelemetry-sdk-extension-autoconfigure\1.28.0\opentelemetry-sdk-extension-autoconfigure-1.28.0.jar;C:\Users\sudha\.m2\repository\io\opentelemetry\opentelemetry-api-events\1.28.0-alpha\opentelemetry-api-events-1.28.0-alpha.jar;C:\Users\sudha\.m2\repository\io\opentelemetry\opentelemetry-sdk-trace\1.28.0\opentelemetry-sdk-trace-1.28.0.jar;C:\Users\sudha\.m2\repository\io\opentelemetry\opentelemetry-sdk\1.28.0\opentelemetry-sdk-1.28.0.jar;C:\Users\sudha\.m2\repository\io\opentelemetry\opentelemetry-semconv\1.28.0-alpha\opentelemetry-semconv-1.28.0-alpha.jar;C:\Users\sudha\.m2\repository\net\bytebuddy\byte-buddy\1.14.5\byte-buddy-1.14.5.jar;C:\Users\sudha\.m2\repository\org\seleniumhq\selenium\selenium-http\4.15.0\selenium-http-4.15.0.jar;C:\Users\sudha\.m2\repository\dev\failsafe\failsafe\3.3.2\failsafe-3.3.2.jar;C:\Users\sudha\.m2\repository\org\seleniumhq\selenium\selenium-os\4.15.0\selenium-os-4.15.0.jar;C:\Users\sudha\.m2\repository\org\apache\commons\commons-exec\1.3\commons-exec-1.3.jar;C:\Users\sudha\.m2\repository\org\seleniumhq\selenium\selenium-support\4.15.0\selenium-support-4.15.0.jar;C:\Users\sudha\.m2\repository\com\google\code\gson\gson\2.10.1\gson-2.10.1.jar;C:\Users\sudha\.m2\repository\org\slf4j\slf4j-api\2.0.9\slf4j-api-2.0.9.jar;C:\Users\sudha\.m2\repository\org\testng\testng\7.8.0\testng-7.8.0.jar;C:\Users\sudha\.m2\repository\com\beust\jcommander\1.82\jcommander-1.82.jar;C:\Users\sudha\.m2\repository\org\webjars\jquery\3.6.1\jquery-3.6.1.jar;C:\Users\sudha\.m2\repository\io\cucumber\cucumber-java\7.14.0\cucumber-java-7.14.0.jar;C:\Users\sudha\.m2\repository\org\apiguardian\apiguardian-api\1.1.2\apiguardian-api-1.1.2.jar;C:\Users\sudha\.m2\repository\io\cucumber\cucumber-core\7.14.0\cucumber-core-7.14.0.jar;C:\Users\sudha\.m2\repository\io\cucumber\cucumber-gherkin\7.14.0\cucumber-gherkin-7.14.0.jar;C:\Users\sudha\.m2\repository\io\cucumber\cucumber-gherkin-messages\7.14.0\cucumber-gherkin-messages-7.14.0.jar;C:\Users\sudha\.m2\repository\io\cucumber\gherkin\26.2.0\gherkin-26.2.0.jar;C:\Users\sudha\.m2\repository\io\cucumber\messages\22.0.0\messages-22.0.0.jar;C:\Users\sudha\.m2\repository\io\cucumber\tag-expressions\5.0.6\tag-expressions-5.0.6.jar;C:\Users\sudha\.m2\repository\io\cucumber\cucumber-expressions\16.1.2\cucumber-expressions-16.1.2.jar;C:\Users\sudha\.m2\repository\io\cucumber\datatable\7.14.0\datatable-7.14.0.jar;C:\Users\sudha\.m2\repository\io\cucumber\cucumber-plugin\7.14.0\cucumber-plugin-7.14.0.jar;C:\Users\sudha\.m2\repository\io\cucumber\docstring\7.14.0\docstring-7.14.0.jar;C:\Users\sudha\.m2\repository\io\cucumber\html-formatter\20.4.0\html-formatter-20.4.0.jar;C:\Users\sudha\.m2\repository\io\cucumber\junit-xml-formatter\0.2.0\junit-xml-formatter-0.2.0.jar;C:\Users\sudha\.m2\repository\io\cucumber\ci-environment\9.2.0\ci-environment-9.2.0.jar;C:\Users\sudha\.m2\repository\io\cucumber\cucumber-junit\7.14.0\cucumber-junit-7.14.0.jar;C:\Users\sudha\.m2\repository\junit\junit\4.13.2\junit-4.13.2.jar;C:\Users\sudha\.m2\repository\org\hamcrest\hamcrest-core\1.3\hamcrest-core-1.3.jar;C:\Users\sudha\.m2\repository\org\seleniumhq\selenium\selenium-java\4.14.1\selenium-java-4.14.1.jar;C:\Users\sudha\.m2\repository\org\seleniumhq\selenium\selenium-devtools-v116\4.14.1\selenium-devtools-v116-4.14.1.jar;C:\Users\sudha\.m2\repository\org\seleniumhq\selenium\selenium-devtools-v117\4.14.1\selenium-devtools-v117-4.14.1.jar;C:\Users\sudha\.m2\repository\org\seleniumhq\selenium\selenium-devtools-v118\4.14.1\selenium-devtools-v118-4.14.1.jar;C:\Users\sudha\.m2\repository\org\seleniumhq\selenium\selenium-devtools-v85\4.14.1\selenium-devtools-v85-4.14.1.jar;C:\Users\sudha\.m2\repository\org\seleniumhq\selenium\selenium-firefox-driver\4.14.1\selenium-firefox-driver-4.14.1.jar;C:\Users\sudha\.m2\repository\org\seleniumhq\selenium\selenium-ie-driver\4.14.1\selenium-ie-driver-4.14.1.jar;C:\Users\sudha\.m2\repository\org\seleniumhq\selenium\selenium-safari-driver\4.14.1\selenium-safari-driver-4.14.1.jar;C:\Users\sudha\.m2\repository\org\seleniumhq\selenium\selenium-chrome-driver\4.13.0\selenium-chrome-driver-4.13.0.jar;C:\Users\sudha\.m2\repository\com\google\auto\service\auto-service-annotations\1.1.1\auto-service-annotations-1.1.1.jar;C:\Users\sudha\.m2\repository\com\google\guava\guava\32.1.2-jre\guava-32.1.2-jre.jar;C:\Users\sudha\.m2\repository\com\google\guava\failureaccess\1.0.1\failureaccess-1.0.1.jar;C:\Users\sudha\.m2\repository\com\google\guava\listenablefuture\9999.0-empty-to-avoid-conflict-with-guava\listenablefuture-9999.0-empty-to-avoid-conflict-with-guava.jar;C:\Users\sudha\.m2\repository\com\google\code\findbugs\jsr305\3.0.2\jsr305-3.0.2.jar;C:\Users\sudha\.m2\repository\org\checkerframework\checker-qual\3.33.0\checker-qual-3.33.0.jar;C:\Users\sudha\.m2\repository\com\google\errorprone\error_prone_annotations\2.18.0\error_prone_annotations-2.18.0.jar;C:\Users\sudha\.m2\repository\com\google\j2objc\j2objc-annotations\2.8\j2objc-annotations-2.8.jar;C:\Users\sudha\.m2\repository\org\seleniumhq\selenium\selenium-chromium-driver\4.13.0\selenium-chromium-driver-4.13.0.jar;C:\Users\sudha\.m2\repository\org\seleniumhq\selenium\selenium-json\4.13.0\selenium-json-4.13.0.jar;C:\Users\sudha\.m2\repository\org\seleniumhq\selenium\selenium-manager\4.13.0\selenium-manager-4.13.0.jar;C:\Users\sudha\.m2\repository\org\seleniumhq\selenium\selenium-edge-driver\4.13.0\selenium-edge-driver-4.13.0.jar;C:\Users\sudha\.m2\repository\org\apache\poi\poi\5.2.3\poi-5.2.3.jar;C:\Users\sudha\.m2\repository\commons-codec\commons-codec\1.15\commons-codec-1.15.jar;C:\Users\sudha\.m2\repository\org\apache\commons\commons-collections4\4.4\commons-collections4-4.4.jar;C:\Users\sudha\.m2\repository\org\apache\commons\commons-math3\3.6.1\commons-math3-3.6.1.jar;C:\Users\sudha\.m2\repository\com\zaxxer\SparseBitSet\1.2\SparseBitSet-1.2.jar;C:\Users\sudha\.m2\repository\org\apache\poi\poi-ooxml\5.2.3\poi-ooxml-5.2.3.jar;C:\Users\sudha\.m2\repository\org\apache\poi\poi-ooxml-lite\5.2.3\poi-ooxml-lite-5.2.3.jar;C:\Users\sudha\.m2\repository\org\apache\xmlbeans\xmlbeans\5.1.1\xmlbeans-5.1.1.jar;C:\Users\sudha\.m2\repository\org\apache\commons\commons-compress\1.21\commons-compress-1.21.jar;C:\Users\sudha\.m2\repository\com\github\virtuald\curvesapi\1.07\curvesapi-1.07.jar;C:\Users\sudha\.m2\repository\org\apache\logging\log4j\log4j-core\2.20.0\log4j-core-2.20.0.jar;C:\Users\sudha\.m2\repository\org\apache\logging\log4j\log4j-api\2.20.0\log4j-api-2.20.0.jar;C:\Users\sudha\.m2\repository\commons-io\commons-io\2.13.0\commons-io-2.13.0.jar;C:\Users\sudha\.m2\repository\org\apache\commons\commons-lang3\3.13.0\commons-lang3-3.13.0.jar;C:\Users\sudha\.m2\repository\com\aventstack\extentreports\5.0.9\extentreports-5.0.9.jar;C:\Users\sudha\.m2\repository\io\reactivex\rxjava3\rxjava\3.0.4\rxjava-3.0.4.jar;C:\Users\sudha\.m2\repository\org\reactivestreams\reactive-streams\1.0.3\reactive-streams-1.0.3.jar;C:\Users\sudha\.m2\repository\org\freemarker\freemarker\2.3.30\freemarker-2.3.30.jar;C:\Users\sudha\.m2\repository\org\projectlombok\lombok\1.18.12\lombok-1.18.12.jar;"/>
    <property name="sun.cpu.endian" value="little"/>
    <property name="user.home" value="C:\Users\sudha"/>
    <property name="user.language" value="en"/>
    <property name="java.specification.vendor" value="Oracle Corporation"/>
    <property name="java.version.date" value="2020-03-17"/>
    <property name="java.home" value="C:\Program Files\Java\jdk-14"/>
    <property name="file.separator" value="\"/>
    <property name="basedir" value="D:\Automation\SF_MB"/>
    <property name="java.vm.compressedOopsMode" value="Zero based"/>
    <property name="line.separator" value="&#10;"/>
    <property name="java.vm.specification.vendor" value="Oracle Corporation"/>
    <property name="java.specification.name" value="Java Platform API Specification"/>
    <property name="surefire.real.class.path" value="C:\Users\sudha\AppData\Local\Temp\surefire17754178381624343832\surefirebooter-20231120005118745_3.jar"/>
    <property name="user.script" value=""/>
    <property name="sun.management.compiler" value="HotSpot 64-Bit Tiered Compilers"/>
    <property name="java.runtime.version" value="14+36-1461"/>
    <property name="user.name" value="sudha"/>
    <property name="path.separator" value=";"/>
    <property name="os.version" value="10.0"/>
    <property name="java.runtime.name" value="Java(TM) SE Runtime Environment"/>
    <property name="file.encoding" value="Cp1252"/>
    <property name="java.vm.name" value="Java HotSpot(TM) 64-Bit Server VM"/>
    <property name="localRepository" value="C:\Users\sudha\.m2\repository"/>
    <property name="java.vendor.url.bug" value="https://bugreport.java.com/bugreport/"/>
    <property name="java.io.tmpdir" value="C:\Users\sudha\AppData\Local\Temp\"/>
    <property name="java.version" value="14"/>
    <property name="user.dir" value="D:\Automation\SF_MB"/>
    <property name="os.arch" value="amd64"/>
    <property name="java.vm.specification.name" value="Java Virtual Machine Specification"/>
    <property name="sun.os.patch.level" value=""/>
    <property name="java.library.path" value="C:\Program Files\Java\jdk-14\bin;C:\Windows\Sun\Java\bin;C:\Windows\system32;C:\Windows;D:\apache-maven-3.9.4/bin;C:\Program Files\Java\jdk-14/bin;C:\Program Files\Java\jdk-14/bin;C:\Windows\system32;C:\Windows;C:\Windows\System32\Wbem;C:\Windows\System32\WindowsPowerShell\v1.0\;C:\Windows\System32\OpenSSH\;%MAVEN_HOME%\bin;C:\Program Files\Java\jdk-14\bin;C:\Program Files\Git\cmd;C:\Program Files\dotnet\;C:\Program Files\Java\jdk-14\bin;C:\Program Files\Java\jdk-14\lib;D:\apache-maven-3.9.4\bin;%MAVEN_HOME%;C:\Program Files\Android\Android Studio\bin;C:\Users\sudha\AppData\Local\Android\Sdk\build-tools;C:\ProgramData\chocolatey\bin;C:\Users\sudha\AppData\Local\Android\Sdk\emulator;C:\Users\sudha\AppData\Local\Android\Sdk\tools\bin;C:\Users\sudha\AppData\Local\Android\Sdk\platform-tools;C:\Program Files\nodejs\node_modules\npm\bin;C:\Program Files\Nodejs;C:\Users\sudha\AppData\Roaming\npm;C:\Program Files\nodejs\;C:\Users\sudha\AppData\Local\Microsoft\WindowsApps;C:\Users\sudha\AppData\Local\Programs\Microsoft VS Code\bin;C:\Users\sudha\AppData\Local\Android\Sdk;C:\Users\sudha\AppData\Roaming\npm;."/>
    <property name="java.vm.info" value="mixed mode, sharing"/>
    <property name="java.vendor" value="Oracle Corporation"/>
    <property name="java.vm.version" value="14+36-1461"/>
    <property name="sun.io.unicode.encoding" value="UnicodeLittle"/>
    <property name="java.class.version" value="58.0"/>
  </properties>
  <testcase name="testSectionContrls" classname="testCases.TC_002_SFS_All_Mobile" time="483.365">
    <failure message="Expected condition failed: waiting for visibility of Proxy element for: DefaultElementLocator &apos;By.id: com.android.permissioncontroller:id/permission_allow_foreground_only_button&apos; (tried for 30 second(s) with 500 milliseconds interval)" type="java.lang.AssertionError"><![CDATA[java.lang.AssertionError: Expected condition failed: waiting for visibility of Proxy element for: DefaultElementLocator 'By.id: com.android.permissioncontroller:id/permission_allow_foreground_only_button' (tried for 30 second(s) with 500 milliseconds interval)
	at org.testng.Assert.fail(Assert.java:111)
	at testCases.TC_002_SFS_All_Mobile.testSectionContrls(TC_002_SFS_All_Mobile.java:380)
	at java.base/jdk.internal.reflect.NativeMethodAccessorImpl.invoke0(Native Method)
	at java.base/jdk.internal.reflect.NativeMethodAccessorImpl.invoke(NativeMethodAccessorImpl.java:62)
	at java.base/jdk.internal.reflect.DelegatingMethodAccessorImpl.invoke(DelegatingMethodAccessorImpl.java:43)
	at java.base/java.lang.reflect.Method.invoke(Method.java:564)
	at org.testng.internal.invokers.MethodInvocationHelper.invokeMethod(MethodInvocationHelper.java:139)
	at org.testng.internal.invokers.TestInvoker.invokeMethod(TestInvoker.java:664)
	at org.testng.internal.invokers.TestInvoker.invokeTestMethod(TestInvoker.java:227)
	at org.testng.internal.invokers.MethodRunner.runInSequence(MethodRunner.java:50)
	at org.testng.internal.invokers.TestInvoker$MethodInvocationAgent.invoke(TestInvoker.java:957)
	at org.testng.internal.invokers.TestInvoker.invokeTestMethods(TestInvoker.java:200)
	at org.testng.internal.invokers.TestMethodWorker.invokeTestMethods(TestMethodWorker.java:148)
	at org.testng.internal.invokers.TestMethodWorker.run(TestMethodWorker.java:128)
	at java.base/java.util.ArrayList.forEach(ArrayList.java:1510)
	at org.testng.TestRunner.privateRun(TestRunner.java:848)
	at org.testng.TestRunner.run(TestRunner.java:621)
	at org.testng.SuiteRunner.runTest(SuiteRunner.java:443)
	at org.testng.SuiteRunner.runSequentially(SuiteRunner.java:437)
	at org.testng.SuiteRunner.privateRun(SuiteRunner.java:397)
	at org.testng.SuiteRunner.run(SuiteRunner.java:336)
	at org.testng.SuiteRunnerWorker.runSuite(SuiteRunnerWorker.java:52)
	at org.testng.SuiteRunnerWorker.run(SuiteRunnerWorker.java:95)
	at org.testng.TestNG.runSuitesSequentially(TestNG.java:1280)
	at org.testng.TestNG.runSuitesLocally(TestNG.java:1200)
	at org.testng.TestNG.runSuites(TestNG.java:1114)
	at org.testng.TestNG.run(TestNG.java:1082)
	at org.apache.maven.surefire.testng.TestNGExecutor.run(TestNGExecutor.java:308)
	at org.apache.maven.surefire.testng.TestNGXmlTestSuite.execute(TestNGXmlTestSuite.java:71)
	at org.apache.maven.surefire.testng.TestNGProvider.invoke(TestNGProvider.java:113)
	at org.apache.maven.surefire.booter.ForkedBooter.runSuitesInProcess(ForkedBooter.java:385)
	at org.apache.maven.surefire.booter.ForkedBooter.execute(ForkedBooter.java:162)
	at org.apache.maven.surefire.booter.ForkedBooter.run(ForkedBooter.java:507)
	at org.apache.maven.surefire.booter.ForkedBooter.main(ForkedBooter.java:495)
]]></failure>
    <system-out><![CDATA[&amp#27;[35m[Appium]&amp#27;[39m &amp#27;[31mCommand 'npm.cmd --version' exited with code 1&amp#27;[39m
Inside BaseTest BeforeClass
Test Execution on Browser: chrome
Total rows: 1
Cols: 50
All Contexts [NATIVE_APP, CHROMIUM]
org.openqa.selenium.NoSuchElementException: An element could not be located on the page using the given search parameters.
For documentation on this error, please visit: https://www.selenium.dev/documentation/webdriver/troubleshooting/errors#no-such-element-exception
Build info: version: '4.15.0', revision: '1d14b5521b'
System info: os.name: 'Windows 10', os.arch: 'amd64', os.version: '10.0', java.version: '14'
Driver info: io.appium.java_client.android.AndroidDriver
Command: [627ba9c6-bc07-4105-a5cf-69f08d3dd68b, findElement {using=id, value=com.android.chrome:id/positive_button}]
Capabilities {appium:autoGrantPermissions: true, appium:automationName: UIAutomator2, appium:databaseEnabled: false, appium:desired: {appActivity: com.google.android.apps.chr..., appPackage: com.android.chrome, autoGrantPermissions: true, automationName: UIAutomator2, browserName: Chrome, deviceName: emulator-5554, noReset: true, platformName: ANDROID, platformVersion: 11.0}, appium:deviceApiLevel: 30, appium:deviceManufacturer: Google, appium:deviceModel: sdk_gphone_x86, appium:deviceName: emulator-5554, appium:deviceScreenDensity: 420, appium:deviceScreenSize: 1080x1920, appium:deviceUDID: emulator-5554, appium:javascriptEnabled: true, appium:locationContextEnabled: false, appium:networkConnectionEnabled: true, appium:noReset: true, appium:pixelRatio: 2.625, appium:platformVersion: 11, appium:statBarHeight: 63, appium:takesScreenshot: true, appium:viewportRect: {height: 1731, left: 0, top: 63, width: 1080}, appium:warnings: {}, appium:webStorageEnabled: false, browserName: Chrome, platformName: ANDROID}
Session ID: 627ba9c6-bc07-4105-a5cf-69f08d3dd68b
SelectOneChoice:[[AndroidDriver: Chrome on ANDROID (627ba9c6-bc07-4105-a5cf-69f08d3dd68b)] -> xpath: //*[@id='rootdiv']/ul]
Element:ul
List Item Size:5
[Strongly DisAgree] is selected
Phone Number: 1234567890
New Month:falsetcols size: 31
This text is trimmed text--NOV
tcols size:31
Is it New Month: false
It's current month
td value is: 1 3
This text is trimmed text--1
tcols size:31
Is it New Month: false
It's current month
td value is: 2 1
eleCurrDate is: [[AndroidDriver: Chrome on ANDROID (627ba9c6-bc07-4105-a5cf-69f08d3dd68b)] -> xpath: //div[contains(@class,'today')]]Current Day: 20td value is: 1
This text is trimmed text--2
tcols size:31
Is it New Month: false
It's current month
td value is: 3 1
eleCurrDate is: [[AndroidDriver: Chrome on ANDROID (627ba9c6-bc07-4105-a5cf-69f08d3dd68b)] -> xpath: //div[contains(@class,'today')]]Current Day: 20td value is: 2
This text is trimmed text--3
tcols size:31
Is it New Month: false
It's current month
td value is: 4 1
eleCurrDate is: [[AndroidDriver: Chrome on ANDROID (627ba9c6-bc07-4105-a5cf-69f08d3dd68b)] -> xpath: //div[contains(@class,'today')]]Current Day: 20td value is: 3
This text is trimmed text--4
tcols size:31
Is it New Month: false
It's current month
td value is: 5 1
eleCurrDate is: [[AndroidDriver: Chrome on ANDROID (627ba9c6-bc07-4105-a5cf-69f08d3dd68b)] -> xpath: //div[contains(@class,'today')]]Current Day: 20td value is: 4
This text is trimmed text--5
tcols size:31
Is it New Month: false
It's current month
td value is: 6 1
eleCurrDate is: [[AndroidDriver: Chrome on ANDROID (627ba9c6-bc07-4105-a5cf-69f08d3dd68b)] -> xpath: //div[contains(@class,'today')]]Current Day: 20td value is: 5
This text is trimmed text--6
tcols size:31
Is it New Month: false
It's current month
td value is: 7 1
eleCurrDate is: [[AndroidDriver: Chrome on ANDROID (627ba9c6-bc07-4105-a5cf-69f08d3dd68b)] -> xpath: //div[contains(@class,'today')]]Current Day: 20td value is: 6
This text is trimmed text--7
tcols size:31
Is it New Month: false
It's current month
td value is: 8 1
eleCurrDate is: [[AndroidDriver: Chrome on ANDROID (627ba9c6-bc07-4105-a5cf-69f08d3dd68b)] -> xpath: //div[contains(@class,'today')]]Current Day: 20td value is: 7
This text is trimmed text--8
tcols size:31
Is it New Month: false
It's current month
td value is: 9 1
eleCurrDate is: [[AndroidDriver: Chrome on ANDROID (627ba9c6-bc07-4105-a5cf-69f08d3dd68b)] -> xpath: //div[contains(@class,'today')]]Current Day: 20td value is: 8
This text is trimmed text--9
tcols size:31
Is it New Month: false
It's current month
td value is: 10 1
eleCurrDate is: [[AndroidDriver: Chrome on ANDROID (627ba9c6-bc07-4105-a5cf-69f08d3dd68b)] -> xpath: //div[contains(@class,'today')]]Current Day: 20td value is: 9
This text is trimmed text--10
tcols size:31
Is it New Month: false
It's current month
td value is: 11 2
eleCurrDate is: [[AndroidDriver: Chrome on ANDROID (627ba9c6-bc07-4105-a5cf-69f08d3dd68b)] -> xpath: //div[contains(@class,'today')]]Current Day: 20td value is: 10
This text is trimmed text--11
tcols size:31
Is it New Month: false
It's current month
td value is: 12 2
eleCurrDate is: [[AndroidDriver: Chrome on ANDROID (627ba9c6-bc07-4105-a5cf-69f08d3dd68b)] -> xpath: //div[contains(@class,'today')]]Current Day: 20td value is: 11
This text is trimmed text--12
tcols size:31
Is it New Month: false
It's current month
td value is: 13 2
eleCurrDate is: [[AndroidDriver: Chrome on ANDROID (627ba9c6-bc07-4105-a5cf-69f08d3dd68b)] -> xpath: //div[contains(@class,'today')]]Current Day: 20td value is: 12
This text is trimmed text--13
tcols size:31
Is it New Month: false
It's current month
td value is: 14 2
eleCurrDate is: [[AndroidDriver: Chrome on ANDROID (627ba9c6-bc07-4105-a5cf-69f08d3dd68b)] -> xpath: //div[contains(@class,'today')]]Current Day: 20td value is: 13
This text is trimmed text--14
tcols size:31
Is it New Month: false
It's current month
td value is: 15 2
eleCurrDate is: [[AndroidDriver: Chrome on ANDROID (627ba9c6-bc07-4105-a5cf-69f08d3dd68b)] -> xpath: //div[contains(@class,'today')]]Current Day: 20td value is: 14
This text is trimmed text--15
tcols size:31
Is it New Month: false
It's current month
td value is: 16 2
eleCurrDate is: [[AndroidDriver: Chrome on ANDROID (627ba9c6-bc07-4105-a5cf-69f08d3dd68b)] -> xpath: //div[contains(@class,'today')]]Current Day: 20td value is: 15
This text is trimmed text--16
tcols size:31
Is it New Month: false
It's current month
td value is: 17 2
eleCurrDate is: [[AndroidDriver: Chrome on ANDROID (627ba9c6-bc07-4105-a5cf-69f08d3dd68b)] -> xpath: //div[contains(@class,'today')]]Current Day: 20td value is: 16
This text is trimmed text--17
tcols size:31
Is it New Month: false
It's current month
td value is: 18 2
eleCurrDate is: [[AndroidDriver: Chrome on ANDROID (627ba9c6-bc07-4105-a5cf-69f08d3dd68b)] -> xpath: //div[contains(@class,'today')]]Current Day: 20td value is: 17
This text is trimmed text--18
tcols size:31
Is it New Month: false
It's current month
td value is: 19 2
eleCurrDate is: [[AndroidDriver: Chrome on ANDROID (627ba9c6-bc07-4105-a5cf-69f08d3dd68b)] -> xpath: //div[contains(@class,'today')]]Current Day: 20td value is: 18
This text is trimmed text--19
tcols size:31
Is it New Month: false
It's current month
td value is: 20 2
eleCurrDate is: [[AndroidDriver: Chrome on ANDROID (627ba9c6-bc07-4105-a5cf-69f08d3dd68b)] -> xpath: //div[contains(@class,'today')]]Current Day: 20td value is: 19
This text is trimmed text--20
tcols size:31
Is it New Month: false
It's current month
td value is: 21 2
eleCurrDate is: [[AndroidDriver: Chrome on ANDROID (627ba9c6-bc07-4105-a5cf-69f08d3dd68b)] -> xpath: //div[contains(@class,'today')]]Current Day: 20td value is: 20
Current Month: Date Enabled: so click it
Current Month: Avl Date Selected:timeslots listed
class: tl-container tl-float
Size:95
Before js click firstitem
class: tl-item tl-float-item myanimation animate__animated animate__backInUp ng-star-inserted
after js click
First slot clicked
Is Date Available in curr Month: true
Outside of appoitment
Appointment Date : 20/11/2023, Time : [ 09:05 AM to 09:09 AM ]
9
Expected values:DisAgree, Agree
Option is: Agree
Option is: DisAgree
Option is: Strongly Agree
Option is: Strongly DisAgree
Option is: Neutral Neither Agree nor DisAgree
Option is: 
Option is: PictureMessage
Option is: 
Option is: SelectPicture
Option is: Agree
Option is: DisAgree
Option is: Strongly Agree
Option is: Strongly DisAgree
Option is: Neutral Neither Agree nor DisAgree
Option is: 
Option is: PictureMessage
Option is: 
Option is: SelectPicture
Rating Labels count: 5
Match item:5
Matched item:Okay
Element:ul
List Item Size:10
[7] is selected
tDateCols  31
Date control selected date class: mat-calendar-body-cell mat-calendar-body-active ng-star-inserted
Date Value Entered:
Date Contorl value: 20/11/2023
20/11/2023
Size before calling: 2
Match item Inside parameter2
Match item:2
Matched item:SelectPicture
Actual agreement text is: I agree to the terms and conditions
String:9
All Contexts 2nd time [NATIVE_APP, CHROMIUM]
Switched to Native App
org.openqa.selenium.NoSuchElementException: An element could not be located on the page using the given search parameters.
For documentation on this error, please visit: https://www.selenium.dev/documentation/webdriver/troubleshooting/errors#no-such-element-exception
Build info: version: '4.15.0', revision: '1d14b5521b'
System info: os.name: 'Windows 10', os.arch: 'amd64', os.version: '10.0', java.version: '14'
Driver info: io.appium.java_client.android.AndroidDriver
Command: [627ba9c6-bc07-4105-a5cf-69f08d3dd68b, findElement {using=id, value=com.android.chrome:id/positive_button}]
Capabilities {appium:autoGrantPermissions: true, appium:automationName: UIAutomator2, appium:databaseEnabled: false, appium:desired: {appActivity: com.google.android.apps.chr..., appPackage: com.android.chrome, autoGrantPermissions: true, automationName: UIAutomator2, browserName: Chrome, deviceName: emulator-5554, noReset: true, platformName: ANDROID, platformVersion: 11.0}, appium:deviceApiLevel: 30, appium:deviceManufacturer: Google, appium:deviceModel: sdk_gphone_x86, appium:deviceName: emulator-5554, appium:deviceScreenDensity: 420, appium:deviceScreenSize: 1080x1920, appium:deviceUDID: emulator-5554, appium:javascriptEnabled: true, appium:locationContextEnabled: false, appium:networkConnectionEnabled: true, appium:noReset: true, appium:pixelRatio: 2.625, appium:platformVersion: 11, appium:statBarHeight: 63, appium:takesScreenshot: true, appium:viewportRect: {height: 1731, left: 0, top: 63, width: 1080}, appium:warnings: {}, appium:webStorageEnabled: false, browserName: Chrome, platformName: ANDROID}
Session ID: 627ba9c6-bc07-4105-a5cf-69f08d3dd68b
org.openqa.selenium.NoSuchElementException: An element could not be located on the page using the given search parameters.
For documentation on this error, please visit: https://www.selenium.dev/documentation/webdriver/troubleshooting/errors#no-such-element-exception
Build info: version: '4.15.0', revision: '1d14b5521b'
System info: os.name: 'Windows 10', os.arch: 'amd64', os.version: '10.0', java.version: '14'
Driver info: io.appium.java_client.android.AndroidDriver
Command: [627ba9c6-bc07-4105-a5cf-69f08d3dd68b, findElement {using=id, value=com.android.permissioncontroller:id/permission_allow_foreground_only_button}]
Capabilities {appium:autoGrantPermissions: true, appium:automationName: UIAutomator2, appium:databaseEnabled: false, appium:desired: {appActivity: com.google.android.apps.chr..., appPackage: com.android.chrome, autoGrantPermissions: true, automationName: UIAutomator2, browserName: Chrome, deviceName: emulator-5554, noReset: true, platformName: ANDROID, platformVersion: 11.0}, appium:deviceApiLevel: 30, appium:deviceManufacturer: Google, appium:deviceModel: sdk_gphone_x86, appium:deviceName: emulator-5554, appium:deviceScreenDensity: 420, appium:deviceScreenSize: 1080x1920, appium:deviceUDID: emulator-5554, appium:javascriptEnabled: true, appium:locationContextEnabled: false, appium:networkConnectionEnabled: true, appium:noReset: true, appium:pixelRatio: 2.625, appium:platformVersion: 11, appium:statBarHeight: 63, appium:takesScreenshot: true, appium:viewportRect: {height: 1731, left: 0, top: 63, width: 1080}, appium:warnings: {}, appium:webStorageEnabled: false, browserName: Chrome, platformName: ANDROID}
Session ID: 627ba9c6-bc07-4105-a5cf-69f08d3dd68b
Before FileUpload link
FileUpload link visible
org.openqa.selenium.NoSuchElementException: An element could not be located on the page using the given search parameters.
For documentation on this error, please visit: https://www.selenium.dev/documentation/webdriver/troubleshooting/errors#no-such-element-exception
Build info: version: '4.15.0', revision: '1d14b5521b'
System info: os.name: 'Windows 10', os.arch: 'amd64', os.version: '10.0', java.version: '14'
Driver info: io.appium.java_client.android.AndroidDriver
Command: [627ba9c6-bc07-4105-a5cf-69f08d3dd68b, findElement {using=id, value=com.android.permissioncontroller:id/permission_allow_foreground_only_button}]
Capabilities {appium:autoGrantPermissions: true, appium:automationName: UIAutomator2, appium:databaseEnabled: false, appium:desired: {appActivity: com.google.android.apps.chr..., appPackage: com.android.chrome, autoGrantPermissions: true, automationName: UIAutomator2, browserName: Chrome, deviceName: emulator-5554, noReset: true, platformName: ANDROID, platformVersion: 11.0}, appium:deviceApiLevel: 30, appium:deviceManufacturer: Google, appium:deviceModel: sdk_gphone_x86, appium:deviceName: emulator-5554, appium:deviceScreenDensity: 420, appium:deviceScreenSize: 1080x1920, appium:deviceUDID: emulator-5554, appium:javascriptEnabled: true, appium:locationContextEnabled: false, appium:networkConnectionEnabled: true, appium:noReset: true, appium:pixelRatio: 2.625, appium:platformVersion: 11, appium:statBarHeight: 63, appium:takesScreenshot: true, appium:viewportRect: {height: 1731, left: 0, top: 63, width: 1080}, appium:warnings: {}, appium:webStorageEnabled: false, browserName: Chrome, platformName: ANDROID}
Session ID: 627ba9c6-bc07-4105-a5cf-69f08d3dd68b
]]></system-out>
    <system-err><![CDATA[SLF4J: No SLF4J providers were found.
SLF4J: Defaulting to no-operation (NOP) logger implementation
SLF4J: See https://www.slf4j.org/codes.html#noProviders for further details.
675887467
Before node Pass
634347963
null
Before node Pass
186005965
Before node Pass
825827355
Before node Pass
533724565
Before node Pass
221446426
Before node Pass
669854557
Before node Pass
492311430
Before node Pass
533499121
Before node Pass
526292614
Before node Pass
346061634
Before node Pass
774495848
Before node Pass
696031253
Before node Pass
104035441
Before node Pass
75941896
Before node Pass
27074284
Before node Pass
781292503
Before node Pass
641057630
Before node Pass
199878379
Before node Pass
148978393
Before node Pass
294169161
Before node Pass
433034588
Before node Pass
533394228
Before node Pass
333397097
Before node Pass
554241629
Before node Pass
265782938
Before node Pass
396980790
Before node Pass
678472212
Before node Pass
68889609
Before node Pass
659228528
Before node Pass
659665630
Before node Pass
314753226
Before node Pass
268661557
Before node Pass
745859412
Before node Pass
284995304
Before node Pass
68090525
null
Before node Pass
386601063
Before node Pass
794189301
Before node Pass
329924334
Before node Pass
517369763
Before node Pass
89101473
Before node Pass
355042256
Before node Pass
462042941
Before node Pass
]]></system-err>
  </testcase>
  <testcase name="testMobileSectionContrls" classname="testCases.TC_002_SFS_All_MobileResponse" time="58.411">
    <failure message="no such element: Unable to locate element: {&quot;method&quot;:&quot;xpath&quot;,&quot;selector&quot;:&quot;//label[contains(text(),&apos;1)&apos;)]&quot;}&#10;  (Session info: chrome=119.0.6045.160)&#10;For documentation on this error, please visit: https://www.selenium.dev/documentation/webdriver/troubleshooting/errors#no-such-element-exception&#10;Build info: version: &apos;4.15.0&apos;, revision: &apos;1d14b5521b&apos;&#10;System info: os.name: &apos;Windows 10&apos;, os.arch: &apos;amd64&apos;, os.version: &apos;10.0&apos;, java.version: &apos;14&apos;&#10;Driver info: org.openqa.selenium.chrome.ChromeDriver&#10;Command: [2963aa9afe76767787b36f99eabcfa97, findElement {using=xpath, value=//label[contains(text(),&apos;1)&apos;)]}]&#10;Capabilities {acceptInsecureCerts: false, browserName: chrome, browserVersion: 119.0.6045.160, chrome: {chromedriverVersion: 119.0.6045.105 (38c72552c5e..., userDataDir: C:\Users\sudha\AppData\Loca...}, fedcm:accounts: true, goog:chromeOptions: {debuggerAddress: localhost:58854}, networkConnectionEnabled: false, pageLoadStrategy: normal, platformName: windows, proxy: Proxy(), se:cdp: ws://localhost:58854/devtoo..., se:cdpVersion: 119.0.6045.160, setWindowRect: true, strictFileInteractability: false, timeouts: {implicit: 0, pageLoad: 300000, script: 30000}, unhandledPromptBehavior: dismiss and notify, webauthn:extension:credBlob: true, webauthn:extension:largeBlob: true, webauthn:extension:minPinLength: true, webauthn:extension:prf: true, webauthn:virtualAuthenticators: true}&#10;Session ID: 2963aa9afe76767787b36f99eabcfa97" type="java.lang.AssertionError"><![CDATA[java.lang.AssertionError: 
no such element: Unable to locate element: {"method":"xpath","selector":"//label[contains(text(),'1)')]"}
  (Session info: chrome=119.0.6045.160)
For documentation on this error, please visit: https://www.selenium.dev/documentation/webdriver/troubleshooting/errors#no-such-element-exception
Build info: version: '4.15.0', revision: '1d14b5521b'
System info: os.name: 'Windows 10', os.arch: 'amd64', os.version: '10.0', java.version: '14'
Driver info: org.openqa.selenium.chrome.ChromeDriver
Command: [2963aa9afe76767787b36f99eabcfa97, findElement {using=xpath, value=//label[contains(text(),'1)')]}]
Capabilities {acceptInsecureCerts: false, browserName: chrome, browserVersion: 119.0.6045.160, chrome: {chromedriverVersion: 119.0.6045.105 (38c72552c5e..., userDataDir: C:\Users\sudha\AppData\Loca...}, fedcm:accounts: true, goog:chromeOptions: {debuggerAddress: localhost:58854}, networkConnectionEnabled: false, pageLoadStrategy: normal, platformName: windows, proxy: Proxy(), se:cdp: ws://localhost:58854/devtoo..., se:cdpVersion: 119.0.6045.160, setWindowRect: true, strictFileInteractability: false, timeouts: {implicit: 0, pageLoad: 300000, script: 30000}, unhandledPromptBehavior: dismiss and notify, webauthn:extension:credBlob: true, webauthn:extension:largeBlob: true, webauthn:extension:minPinLength: true, webauthn:extension:prf: true, webauthn:virtualAuthenticators: true}
Session ID: 2963aa9afe76767787b36f99eabcfa97
	at org.testng.Assert.fail(Assert.java:111)
	at testCases.TC_002_SFS_All_MobileResponse.testMobileSectionContrls(TC_002_SFS_All_MobileResponse.java:203)
	at java.base/jdk.internal.reflect.NativeMethodAccessorImpl.invoke0(Native Method)
	at java.base/jdk.internal.reflect.NativeMethodAccessorImpl.invoke(NativeMethodAccessorImpl.java:62)
	at java.base/jdk.internal.reflect.DelegatingMethodAccessorImpl.invoke(DelegatingMethodAccessorImpl.java:43)
	at java.base/java.lang.reflect.Method.invoke(Method.java:564)
	at org.testng.internal.invokers.MethodInvocationHelper.invokeMethod(MethodInvocationHelper.java:139)
	at org.testng.internal.invokers.TestInvoker.invokeMethod(TestInvoker.java:664)
	at org.testng.internal.invokers.TestInvoker.invokeTestMethod(TestInvoker.java:227)
	at org.testng.internal.invokers.MethodRunner.runInSequence(MethodRunner.java:50)
	at org.testng.internal.invokers.TestInvoker$MethodInvocationAgent.invoke(TestInvoker.java:957)
	at org.testng.internal.invokers.TestInvoker.invokeTestMethods(TestInvoker.java:200)
	at org.testng.internal.invokers.TestMethodWorker.invokeTestMethods(TestMethodWorker.java:148)
	at org.testng.internal.invokers.TestMethodWorker.run(TestMethodWorker.java:128)
	at java.base/java.util.ArrayList.forEach(ArrayList.java:1510)
	at org.testng.TestRunner.privateRun(TestRunner.java:848)
	at org.testng.TestRunner.run(TestRunner.java:621)
	at org.testng.SuiteRunner.runTest(SuiteRunner.java:443)
	at org.testng.SuiteRunner.runSequentially(SuiteRunner.java:437)
	at org.testng.SuiteRunner.privateRun(SuiteRunner.java:397)
	at org.testng.SuiteRunner.run(SuiteRunner.java:336)
	at org.testng.SuiteRunnerWorker.runSuite(SuiteRunnerWorker.java:52)
	at org.testng.SuiteRunnerWorker.run(SuiteRunnerWorker.java:95)
	at org.testng.TestNG.runSuitesSequentially(TestNG.java:1280)
	at org.testng.TestNG.runSuitesLocally(TestNG.java:1200)
	at org.testng.TestNG.runSuites(TestNG.java:1114)
	at org.testng.TestNG.run(TestNG.java:1082)
	at org.apache.maven.surefire.testng.TestNGExecutor.run(TestNGExecutor.java:308)
	at org.apache.maven.surefire.testng.TestNGXmlTestSuite.execute(TestNGXmlTestSuite.java:71)
	at org.apache.maven.surefire.testng.TestNGProvider.invoke(TestNGProvider.java:113)
	at org.apache.maven.surefire.booter.ForkedBooter.runSuitesInProcess(ForkedBooter.java:385)
	at org.apache.maven.surefire.booter.ForkedBooter.execute(ForkedBooter.java:162)
	at org.apache.maven.surefire.booter.ForkedBooter.run(ForkedBooter.java:507)
	at org.apache.maven.surefire.booter.ForkedBooter.main(ForkedBooter.java:495)
]]></failure>
    <system-out><![CDATA[Chrome driver after instanttiated
Test Execution on Browser: chrome
Total rows: 1
Cols: 50
null
]]></system-out>
    <system-err><![CDATA[Nov 20, 2023 12:59:56 AM org.openqa.selenium.devtools.CdpVersionFinder findNearestMatch
WARNING: Unable to find an exact match for CDP version 119, returning the closest version; found: 118; Please update to a Selenium version that supports CDP version 119
]]></system-err>
  </testcase>
  <testcase name="TestMobileIndividualControls" classname="testCases.TC_001_SFI_All_Mobile" time="217.261">
    <failure message="Range Conrol missing" type="java.lang.AssertionError"><![CDATA[java.lang.AssertionError: Range Conrol missing
	at org.testng.Assert.fail(Assert.java:111)
	at testCases.TC_001_SFI_All_Mobile.TestMobileIndividualControls(TC_001_SFI_All_Mobile.java:338)
	at java.base/jdk.internal.reflect.NativeMethodAccessorImpl.invoke0(Native Method)
	at java.base/jdk.internal.reflect.NativeMethodAccessorImpl.invoke(NativeMethodAccessorImpl.java:62)
	at java.base/jdk.internal.reflect.DelegatingMethodAccessorImpl.invoke(DelegatingMethodAccessorImpl.java:43)
	at java.base/java.lang.reflect.Method.invoke(Method.java:564)
	at org.testng.internal.invokers.MethodInvocationHelper.invokeMethod(MethodInvocationHelper.java:139)
	at org.testng.internal.invokers.TestInvoker.invokeMethod(TestInvoker.java:664)
	at org.testng.internal.invokers.TestInvoker.invokeTestMethod(TestInvoker.java:227)
	at org.testng.internal.invokers.MethodRunner.runInSequence(MethodRunner.java:50)
	at org.testng.internal.invokers.TestInvoker$MethodInvocationAgent.invoke(TestInvoker.java:957)
	at org.testng.internal.invokers.TestInvoker.invokeTestMethods(TestInvoker.java:200)
	at org.testng.internal.invokers.TestMethodWorker.invokeTestMethods(TestMethodWorker.java:148)
	at org.testng.internal.invokers.TestMethodWorker.run(TestMethodWorker.java:128)
	at java.base/java.util.ArrayList.forEach(ArrayList.java:1510)
	at org.testng.TestRunner.privateRun(TestRunner.java:848)
	at org.testng.TestRunner.run(TestRunner.java:621)
	at org.testng.SuiteRunner.runTest(SuiteRunner.java:443)
	at org.testng.SuiteRunner.runSequentially(SuiteRunner.java:437)
	at org.testng.SuiteRunner.privateRun(SuiteRunner.java:397)
	at org.testng.SuiteRunner.run(SuiteRunner.java:336)
	at org.testng.SuiteRunnerWorker.runSuite(SuiteRunnerWorker.java:52)
	at org.testng.SuiteRunnerWorker.run(SuiteRunnerWorker.java:95)
	at org.testng.TestNG.runSuitesSequentially(TestNG.java:1280)
	at org.testng.TestNG.runSuitesLocally(TestNG.java:1200)
	at org.testng.TestNG.runSuites(TestNG.java:1114)
	at org.testng.TestNG.run(TestNG.java:1082)
	at org.apache.maven.surefire.testng.TestNGExecutor.run(TestNGExecutor.java:308)
	at org.apache.maven.surefire.testng.TestNGXmlTestSuite.execute(TestNGXmlTestSuite.java:71)
	at org.apache.maven.surefire.testng.TestNGProvider.invoke(TestNGProvider.java:113)
	at org.apache.maven.surefire.booter.ForkedBooter.runSuitesInProcess(ForkedBooter.java:385)
	at org.apache.maven.surefire.booter.ForkedBooter.execute(ForkedBooter.java:162)
	at org.apache.maven.surefire.booter.ForkedBooter.run(ForkedBooter.java:507)
	at org.apache.maven.surefire.booter.ForkedBooter.main(ForkedBooter.java:495)
]]></failure>
    <system-out><![CDATA[&amp#27;[35m[Appium]&amp#27;[39m &amp#27;[31mCommand 'npm.cmd --version' exited with code 1&amp#27;[39m
Inside BaseTest BeforeClass
Test Execution on Browser: chrome
Total rows: 1
Cols: 49
 Select an option..! 
SelectOneChoice:[[AndroidDriver: Chrome on ANDROID (eec359c2-c2ab-4cc4-9969-bba218411f92)] -> xpath: //*[@id='rootdiv']/ul]
Element:ul
List Item Size:5
[DisAgree] is selected
New Month:falsetcols size: 31
This text is trimmed text--NOV
tcols size:31
Is it New Month: false
It's current month
td value is: 1 3
This text is trimmed text--1
tcols size:31
Is it New Month: false
It's current month
td value is: 2 1
eleCurrDate is: [[AndroidDriver: Chrome on ANDROID (eec359c2-c2ab-4cc4-9969-bba218411f92)] -> xpath: //div[contains(@class,'today')]]Current Day: 20td value is: 1
This text is trimmed text--2
tcols size:31
Is it New Month: false
It's current month
td value is: 3 1
eleCurrDate is: [[AndroidDriver: Chrome on ANDROID (eec359c2-c2ab-4cc4-9969-bba218411f92)] -> xpath: //div[contains(@class,'today')]]Current Day: 20td value is: 2
This text is trimmed text--3
tcols size:31
Is it New Month: false
It's current month
td value is: 4 1
eleCurrDate is: [[AndroidDriver: Chrome on ANDROID (eec359c2-c2ab-4cc4-9969-bba218411f92)] -> xpath: //div[contains(@class,'today')]]Current Day: 20td value is: 3
This text is trimmed text--4
tcols size:31
Is it New Month: false
It's current month
td value is: 5 1
eleCurrDate is: [[AndroidDriver: Chrome on ANDROID (eec359c2-c2ab-4cc4-9969-bba218411f92)] -> xpath: //div[contains(@class,'today')]]Current Day: 20td value is: 4
This text is trimmed text--5
tcols size:31
Is it New Month: false
It's current month
td value is: 6 1
eleCurrDate is: [[AndroidDriver: Chrome on ANDROID (eec359c2-c2ab-4cc4-9969-bba218411f92)] -> xpath: //div[contains(@class,'today')]]Current Day: 20td value is: 5
This text is trimmed text--6
tcols size:31
Is it New Month: false
It's current month
td value is: 7 1
eleCurrDate is: [[AndroidDriver: Chrome on ANDROID (eec359c2-c2ab-4cc4-9969-bba218411f92)] -> xpath: //div[contains(@class,'today')]]Current Day: 20td value is: 6
This text is trimmed text--7
tcols size:31
Is it New Month: false
It's current month
td value is: 8 1
eleCurrDate is: [[AndroidDriver: Chrome on ANDROID (eec359c2-c2ab-4cc4-9969-bba218411f92)] -> xpath: //div[contains(@class,'today')]]Current Day: 20td value is: 7
This text is trimmed text--8
tcols size:31
Is it New Month: false
It's current month
td value is: 9 1
eleCurrDate is: [[AndroidDriver: Chrome on ANDROID (eec359c2-c2ab-4cc4-9969-bba218411f92)] -> xpath: //div[contains(@class,'today')]]Current Day: 20td value is: 8
This text is trimmed text--9
tcols size:31
Is it New Month: false
It's current month
td value is: 10 1
eleCurrDate is: [[AndroidDriver: Chrome on ANDROID (eec359c2-c2ab-4cc4-9969-bba218411f92)] -> xpath: //div[contains(@class,'today')]]Current Day: 20td value is: 9
This text is trimmed text--10
tcols size:31
Is it New Month: false
It's current month
td value is: 11 2
eleCurrDate is: [[AndroidDriver: Chrome on ANDROID (eec359c2-c2ab-4cc4-9969-bba218411f92)] -> xpath: //div[contains(@class,'today')]]Current Day: 20td value is: 10
This text is trimmed text--11
tcols size:31
Is it New Month: false
It's current month
td value is: 12 2
eleCurrDate is: [[AndroidDriver: Chrome on ANDROID (eec359c2-c2ab-4cc4-9969-bba218411f92)] -> xpath: //div[contains(@class,'today')]]Current Day: 20td value is: 11
This text is trimmed text--12
tcols size:31
Is it New Month: false
It's current month
td value is: 13 2
eleCurrDate is: [[AndroidDriver: Chrome on ANDROID (eec359c2-c2ab-4cc4-9969-bba218411f92)] -> xpath: //div[contains(@class,'today')]]Current Day: 20td value is: 12
This text is trimmed text--13
tcols size:31
Is it New Month: false
It's current month
td value is: 14 2
eleCurrDate is: [[AndroidDriver: Chrome on ANDROID (eec359c2-c2ab-4cc4-9969-bba218411f92)] -> xpath: //div[contains(@class,'today')]]Current Day: 20td value is: 13
This text is trimmed text--14
tcols size:31
Is it New Month: false
It's current month
td value is: 15 2
eleCurrDate is: [[AndroidDriver: Chrome on ANDROID (eec359c2-c2ab-4cc4-9969-bba218411f92)] -> xpath: //div[contains(@class,'today')]]Current Day: 20td value is: 14
This text is trimmed text--15
tcols size:31
Is it New Month: false
It's current month
td value is: 16 2
eleCurrDate is: [[AndroidDriver: Chrome on ANDROID (eec359c2-c2ab-4cc4-9969-bba218411f92)] -> xpath: //div[contains(@class,'today')]]Current Day: 20td value is: 15
This text is trimmed text--16
tcols size:31
Is it New Month: false
It's current month
td value is: 17 2
eleCurrDate is: [[AndroidDriver: Chrome on ANDROID (eec359c2-c2ab-4cc4-9969-bba218411f92)] -> xpath: //div[contains(@class,'today')]]Current Day: 20td value is: 16
This text is trimmed text--17
tcols size:31
Is it New Month: false
It's current month
td value is: 18 2
eleCurrDate is: [[AndroidDriver: Chrome on ANDROID (eec359c2-c2ab-4cc4-9969-bba218411f92)] -> xpath: //div[contains(@class,'today')]]Current Day: 20td value is: 17
This text is trimmed text--18
tcols size:31
Is it New Month: false
It's current month
td value is: 19 2
eleCurrDate is: [[AndroidDriver: Chrome on ANDROID (eec359c2-c2ab-4cc4-9969-bba218411f92)] -> xpath: //div[contains(@class,'today')]]Current Day: 20td value is: 18
This text is trimmed text--19
tcols size:31
Is it New Month: false
It's current month
td value is: 20 2
eleCurrDate is: [[AndroidDriver: Chrome on ANDROID (eec359c2-c2ab-4cc4-9969-bba218411f92)] -> xpath: //div[contains(@class,'today')]]Current Day: 20td value is: 19
This text is trimmed text--20
tcols size:31
Is it New Month: false
It's current month
td value is: 21 2
eleCurrDate is: [[AndroidDriver: Chrome on ANDROID (eec359c2-c2ab-4cc4-9969-bba218411f92)] -> xpath: //div[contains(@class,'today')]]Current Day: 20td value is: 20
Current Month: Date Enabled: so click it
Current Month: Avl Date Selected:timeslots listed
class: tl-container tl-float
Size:95
Before js click firstitem
class: tl-item tl-float-item myanimation animate__animated animate__backInUp ng-star-inserted
after js click
First slot clicked
No Date Available In this Month: true
Appointment Date : 20/11/2023, Time : [ 09:05 AM to 09:09 AM ]
5
Expected values:DisAgree, Agree, Strongly Agree
Option is: Agree
Option is: DisAgree
Option is: Strongly Agree
Option is: Strongly DisAgree
Option is: Neutral Neither Agree nor DisAgree
Option is: Agree
Option is: DisAgree
Option is: Strongly Agree
Option is: Strongly DisAgree
Option is: Neutral Neither Agree nor DisAgree
Option is: Agree
Option is: DisAgree
Option is: Strongly Agree
Option is: Strongly DisAgree
Option is: Neutral Neither Agree nor DisAgree
Element:ul
List Item Size:5
[Sample Option 2] is selected
]]></system-out>
    <system-err><![CDATA[25337496
Before node Pass
594864014
null
Before node Pass
103879167
null
Before node Pass
328642901
Before node Pass
717740701
Before node Pass
250663849
null
Before node Pass
75922303
Before node Pass
632311888
Before node Pass
61100878
null
Before node Pass
867881992
Before node Pass
442493913
null
Before node Pass
442063430
Before node Pass
442665547
Before node Pass
62140191
Before node Pass
156770249
null
Before node Pass
896450660
Before node Pass
187428135
Before node Pass
779879763
null
Before node Pass
505062326
Before node Pass
635678822
Before node Pass
456579369
Before node Pass
740354111
Before node Fail
After node Fail
]]></system-err>
  </testcase>
  <testcase name="TestMobileIResponse" classname="testCases.TC_001_SFI_All_MobileResponse" time="143.264">
    <system-out><![CDATA[Chrome driver after instanttiated
Test Execution on Browser: chrome
Total rows: 1
Cols: 49
Inside ValidateAllResp function
Inside If true
Actual value is: Hi, Welcome to chat bot..!
Expected value is: Hi, Welcome to chat bot..!
false
Inside ValidateAllResp function
Inside If true
Actual value is: Select an option..!
Expected value is: Select an option..!
false
Inside ValidateAllResp function
Inside If false
Actual value is: DisAgree
Expected value is: DisAgree
false
Inside ValidateAllResp function
Inside If true
Actual value is: Please type an answer ..!
Expected value is: Please type an answer ..!
false
Inside ValidateAllResp function
Inside If false
Actual value is: Welcome to Automation...!
Expected value is: Welcome to Automation...!
false
Inside ValidateAllResp function
Inside If true
Actual value is: What is your email address?
Expected value is: What is your email address?
false
Inside ValidateAllResp function
Inside If false
Actual value is: sudhakar@rsoft.in
Expected value is: sudhakar@rsoft.in
false
Inside ValidateAllResp function
Inside If true
Actual value is: Please type your phone number
Expected value is: Please type your phone number
false
Inside ValidateAllResp function
Inside If false
Actual value is: +91 1234567890
Expected value is: +91 1234567890
false
Inside ValidateAllResp function
Inside If true
Actual value is: Book an appointment / meeting
Expected value is: Book an appointment / meeting
false
Inside ValidateAllResp function
Inside If false
Actual value is: Appointment Date : 16/11/2023, Time : [ 09:15 AM to 09:19 AM ]
Expected value is: Appointment Date : 20/11/2023, Time : [ 09:05 AM to 09:09 AM ]
false
Inside ValidateAllResp function
Inside If true
Actual value is: Select your choices..!
Expected value is: Select your choices..!
false
Inside ValidateAllResp function
Inside If false
Actual value is: DisAgree, Agree, Strongly Agree
Expected value is: DisAgree, Agree, Strongly Agree
false
Inside ValidateAllResp function
Inside If true
Actual value is: Type and select your answer..!
Expected value is: Type and select your answer..!
false
Inside ValidateAllResp function
Inside If false
Actual value is: Sample Option 2
Expected value is: Sample Option 2
false
Inside ValidateAllResp function
Inside If true
Actual value is: Enter the Number?
Expected value is: Enter the Number?
false
Inside ValidateAllResp function
Inside If false
Actual value is: 1234567890
Expected value is: 1234567890
false
Inside ValidateAllResp function
Inside If true
Actual value is: Select a range
Expected value is: Select a range
false
Inside ValidateAllResp function
Inside If false
Actual value is: 50
Expected value is: 50
false
Inside ValidateAllResp function
Inside If true
Actual value is: How was your experience?
Expected value is: How was your experience?
false
Inside ValidateAllResp function
Inside If false
Actual value is: Terrible
Expected value is: Terrible
false
Inside ValidateAllResp function
Inside If true
Actual value is: Choose a number?
Expected value is: Choose a number?
false
Inside ValidateAllResp function
Inside If false
Actual value is: 9
Expected value is: 9
false
Inside ValidateAllResp function
Inside If true
Actual value is: Select a date
Expected value is: Select a date
false
Inside ValidateAllResp function
Inside If false
Actual value is: 16/11/2023
Expected value is: 16/11/2023
false
Inside ValidateAllResp function
Inside If true
Actual value is: Please contact us
Expected value is: Please contact us
false
Inside ValidateAllResp function
Inside If true
Actual value is: Nice chatting with you
Expected value is: Nice chatting with you
false
Inside ValidateAllResp function
Inside If true
Actual value is: Select the picture!
Expected value is: Select the picture!
false
Inside ValidateAllResp function
Inside If false
Actual value is: Yes
Expected value is: PictureMessage
false
Inside ValidateAllResp function
Inside If true
Actual value is: Select Yes or No..?
Expected value is: Select Yes or No..?
false
Inside ValidateAllResp function
Inside If false
Actual value is: Accepted
Expected value is: Yes
false
Inside ValidateAllResp function
Inside If true
Actual value is: Terms and Conditions..!
Expected value is: Terms and Conditions..!
false
Inside ValidateAllResp function
Inside If false
Actual value is: Avadi, Tamil Nadu, India
Expected value is: Accepted
false
Inside ValidateAllResp function
Inside If true
Actual value is: Choose the value..!
Expected value is: Choose the value..!
false
Inside getRespRMValuesclass pageObjects.Browser.IndvControls
Inside getRespankMatrixValues
List outside of frame:0
List Inside of frame:9



Inside ValidateAllResp function
Inside If true
Actual value is: What is your address?
Expected value is: What is your address?
false
Inside ValidateAllResp function
Inside If false
Actual value is: voice_record_16112023_060729.mp3
Expected value is: Avadi, Tamil Nadu, India
false
Inside ValidateAllResp function
Inside If true
Actual value is: Tap the mic and record the voice
Expected value is: Tap the mic and record the voice
false
Inside ValidateAllResp function
Inside If false
Actual value is: formshow_16112023_060823.txt
Expected value is: voice_record_16112023
true
Actual Value is: formshow_16112023_060823.txtExpected Value: voice_record_16112023 And is Contains is: false
Inside ValidateAllResp function
Inside If true
Actual value is: Upload file
Expected value is: Upload file
false
Inside ValidateAllResp function
Inside If false
Actual value is: formshow_16112023_060823.txt
Expected value is: formshow_16112023
true
Actual Value is: formshow_16112023_060823.txtExpected Value: formshow_16112023 And is Contains is: true
]]></system-out>
    <system-err><![CDATA[Nov 20, 2023 1:05:00 AM org.openqa.selenium.devtools.CdpVersionFinder findNearestMatch
WARNING: Unable to find an exact match for CDP version 119, returning the closest version; found: 118; Please update to a Selenium version that supports CDP version 119
835770163
Before node Pass
433422475
Before node Pass
759351648
Before node Pass
769258910
Before node Pass
802317275
Before node Pass
285870340
Before node Pass
775939590
Before node Pass
351102261
Before node Pass
148657245
Before node Pass
355461322
Before node Pass
533028612
Before node Fail
After node Fail
281421790
Before node Pass
686354349
Before node Pass
559842511
Before node Pass
895435327
Before node Pass
857083837
Before node Pass
860775931
Before node Pass
642770661
Before node Pass
537461293
Before node Pass
103154237
Before node Pass
480593213
Before node Pass
862995597
Before node Pass
35784913
Before node Pass
698209142
Before node Pass
89573749
Before node Pass
189604944
Before node Pass
882063049
Before node Pass
426457716
Before node Pass
392557784
Before node Fail
After node Fail
297876452
Before node Pass
847887164
Before node Fail
After node Fail
554678127
Before node Pass
208546531
Before node Fail
After node Fail
218375031
Before node Pass
347336301
Before node Pass
804721655
Before node Pass
712990512
Before node Fail
After node Fail
903848552
Before node Pass
433091946
Before node Fail
After node Fail
668218991
Before node Pass
648650747
Before node Pass
]]></system-err>
  </testcase>
</testsuite>