<?xml version="1.0" encoding="UTF-8"?>
<testng-results ignored="0" total="2" passed="2" failed="0" skipped="0">
  <reporter-output>
  </reporter-output>
  <suite started-at="2023-11-30T16:38:20 IST" name="Suite" finished-at="2023-11-30T16:48:01 IST" duration-ms="581153">
    <groups>
    </groups>
    <test started-at="2023-11-30T16:38:20 IST" name="chrometest" finished-at="2023-11-30T16:48:01 IST" duration-ms="581153">
      <class name="testCases.TC_001_SFI_All_MobileResponse">
        <test-method is-config="true" signature="testName()[pri:0, instance:testCases.TC_001_SFI_All_MobileResponse@4a8ab068]" started-at="2023-11-30T16:38:20 IST" name="testName" finished-at="2023-11-30T16:38:20 IST" duration-ms="1" status="PASS">
          <reporter-output>
          </reporter-output>
        </test-method> <!-- testName -->
        <test-method is-config="true" signature="setup(java.lang.String)[pri:0, instance:testCases.TC_001_SFI_All_MobileResponse@4a8ab068]" started-at="2023-11-30T16:45:53 IST" name="setup" finished-at="2023-11-30T16:45:55 IST" duration-ms="2449" status="PASS">
          <params>
            <param index="0">
              <value>
                <![CDATA[chrome]]>
              </value>
            </param>
          </params>
          <reporter-output>
          </reporter-output>
        </test-method> <!-- setup -->
        <test-method signature="TestMobileIResponse()[pri:0, instance:testCases.TC_001_SFI_All_MobileResponse@4a8ab068]" started-at="2023-11-30T16:45:55 IST" name="TestMobileIResponse" finished-at="2023-11-30T16:48:01 IST" duration-ms="126009" status="PASS">
          <reporter-output>
          </reporter-output>
        </test-method> <!-- TestMobileIResponse -->
      </class> <!-- testCases.TC_001_SFI_All_MobileResponse -->
      <class name="testCases.TC_001_SFI_All_Mobile">
        <test-method is-config="true" signature="onStart(org.testng.ITestContext)[pri:0, instance:testCases.TC_001_SFI_All_Mobile@7997b197]" started-at="2023-11-30T16:38:20 IST" name="onStart" finished-at="2023-11-30T16:38:20 IST" duration-ms="388" status="PASS">
          <params>
            <param index="0">
              <value>
                <![CDATA[org.testng.TestRunner@2f32fe68]]>
              </value>
            </param>
          </params>
          <reporter-output>
          </reporter-output>
        </test-method> <!-- onStart -->
        <test-method is-config="true" signature="testName()[pri:0, instance:testCases.TC_001_SFI_All_Mobile@7997b197]" started-at="2023-11-30T16:38:20 IST" name="testName" finished-at="2023-11-30T16:38:20 IST" duration-ms="14" status="PASS">
          <reporter-output>
          </reporter-output>
        </test-method> <!-- testName -->
        <test-method is-config="true" signature="configureAppium()[pri:0, instance:testCases.TC_001_SFI_All_Mobile@7997b197]" started-at="2023-11-30T16:38:20 IST" name="configureAppium" finished-at="2023-11-30T16:38:50 IST" duration-ms="29446" status="PASS">
          <reporter-output>
          </reporter-output>
        </test-method> <!-- configureAppium -->
        <test-method signature="TestMobileIndividualControls()[pri:0, instance:testCases.TC_001_SFI_All_Mobile@7997b197]" started-at="2023-11-30T16:38:50 IST" name="TestMobileIndividualControls" finished-at="2023-11-30T16:45:53 IST" duration-ms="423154" status="PASS">
          <reporter-output>
          </reporter-output>
        </test-method> <!-- TestMobileIndividualControls -->
        <test-method is-config="true" signature="flush()[pri:0, instance:testCases.TC_001_SFI_All_Mobile@7997b197]" started-at="2023-11-30T16:48:01 IST" name="flush" finished-at="2023-11-30T16:48:02 IST" duration-ms="585" status="PASS">
          <reporter-output>
          </reporter-output>
        </test-method> <!-- flush -->
      </class> <!-- testCases.TC_001_SFI_All_Mobile -->
    </test> <!-- chrometest -->
  </suite> <!-- Suite -->
</testng-results>
