<?xml version="1.0" encoding="UTF-8"?>
<testng-results ignored="0" total="2" passed="2" failed="0" skipped="0">
  <reporter-output>
  </reporter-output>
  <suite started-at="2023-11-15T11:53:21 IST" name="Suite" finished-at="2023-11-15T12:02:10 IST" duration-ms="528624">
    <groups>
    </groups>
    <test started-at="2023-11-15T11:53:21 IST" name="chrometest" finished-at="2023-11-15T12:02:10 IST" duration-ms="528624">
      <class name="testCases.TC_002_SFS_All_MobileResponse">
        <test-method is-config="true" signature="testName()[pri:0, instance:testCases.TC_002_SFS_All_MobileResponse@4a8ab068]" started-at="2023-11-15T11:53:21 IST" name="testName" finished-at="2023-11-15T11:53:21 IST" duration-ms="2" status="PASS">
          <reporter-output>
          </reporter-output>
        </test-method> <!-- testName -->
        <test-method is-config="true" signature="setup(java.lang.String)[pri:0, instance:testCases.TC_002_SFS_All_MobileResponse@4a8ab068]" started-at="2023-11-15T11:59:34 IST" name="setup" finished-at="2023-11-15T11:59:38 IST" duration-ms="3918" status="PASS">
          <params>
            <param index="0">
              <value>
                <![CDATA[chrome]]>
              </value>
            </param>
          </params>
          <reporter-output>
          </reporter-output>
        </test-method> <!-- setup -->
        <test-method signature="testMobileSectionContrls()[pri:0, instance:testCases.TC_002_SFS_All_MobileResponse@4a8ab068]" started-at="2023-11-15T11:59:38 IST" name="testMobileSectionContrls" finished-at="2023-11-15T12:02:10 IST" duration-ms="151519" status="PASS">
          <reporter-output>
          </reporter-output>
        </test-method> <!-- testMobileSectionContrls -->
      </class> <!-- testCases.TC_002_SFS_All_MobileResponse -->
      <class name="testCases.TC_002_SFS_All_Mobile">
        <test-method is-config="true" signature="onStart(org.testng.ITestContext)[pri:0, instance:testCases.TC_002_SFS_All_Mobile@7997b197]" started-at="2023-11-15T11:53:20 IST" name="onStart" finished-at="2023-11-15T11:53:21 IST" duration-ms="723" status="PASS">
          <params>
            <param index="0">
              <value>
                <![CDATA[org.testng.TestRunner@217009bd]]>
              </value>
            </param>
          </params>
          <reporter-output>
          </reporter-output>
        </test-method> <!-- onStart -->
        <test-method is-config="true" signature="testName()[pri:0, instance:testCases.TC_002_SFS_All_Mobile@7997b197]" started-at="2023-11-15T11:53:21 IST" name="testName" finished-at="2023-11-15T11:53:21 IST" duration-ms="16" status="PASS">
          <reporter-output>
          </reporter-output>
        </test-method> <!-- testName -->
        <test-method is-config="true" signature="configureAppium()[pri:0, instance:testCases.TC_002_SFS_All_Mobile@7997b197]" started-at="2023-11-15T11:53:21 IST" name="configureAppium" finished-at="2023-11-15T11:53:58 IST" duration-ms="37287" status="PASS">
          <reporter-output>
          </reporter-output>
        </test-method> <!-- configureAppium -->
        <test-method signature="testSectionContrls()[pri:0, instance:testCases.TC_002_SFS_All_Mobile@7997b197]" started-at="2023-11-15T11:53:58 IST" name="testSectionContrls" finished-at="2023-11-15T11:59:34 IST" duration-ms="335795" status="PASS">
          <reporter-output>
          </reporter-output>
        </test-method> <!-- testSectionContrls -->
        <test-method is-config="true" signature="flush()[pri:0, instance:testCases.TC_002_SFS_All_Mobile@7997b197]" started-at="2023-11-15T12:02:10 IST" name="flush" finished-at="2023-11-15T12:02:10 IST" duration-ms="653" status="PASS">
          <reporter-output>
          </reporter-output>
        </test-method> <!-- flush -->
      </class> <!-- testCases.TC_002_SFS_All_Mobile -->
    </test> <!-- chrometest -->
  </suite> <!-- Suite -->
</testng-results>
